# JRE version: Java(TM) SE Runtime Environment (8.0_151-b12) (build 1.8.0_151-b12)
# Java VM: Java HotSpot(TM) 64-Bit Server VM (25.151-b12 mixed mode windows-amd64 compressed oops)
Heap:
 PSYoungGen      total 75776K, used 51831K [0x00000000f5580000, 0x00000000fc180000, 0x0000000100000000)
  eden space 53248K, 60% used [0x00000000f5580000,0x00000000f74c5a90,0x00000000f8980000)
  from space 22528K, 87% used [0x00000000fa200000,0x00000000fb558210,0x00000000fb800000)
  to   space 25088K, 0% used [0x00000000f8980000,0x00000000f8980000,0x00000000fa200000)
 ParOldGen       total 126464K, used 78714K [0x00000000e0000000, 0x00000000e7b80000, 0x00000000f5580000)
  object space 126464K, 62% used [0x00000000e0000000,0x00000000e4cde9e8,0x00000000e7b80000)
 Metaspace       used 23402K, capacity 23747K, committed 23936K, reserved 1071104K
  class space    used 2280K, capacity 2389K, committed 2432K, reserved 1048576K
GC Heap History (10 events):
Event: 22.158 GC heap before
{Heap before GC invocations=20 (full 3):
 PSYoungGen      total 55808K, used 51586K [0x00000000f5580000, 0x00000000fa180000, 0x0000000100000000)
  eden space 45056K, 99% used [0x00000000f5580000,0x00000000f817b960,0x00000000f8180000)
  from space 10752K, 60% used [0x00000000f8f80000,0x00000000f95e5120,0x00000000f9a00000)
  to   space 14336K, 0% used [0x00000000f8180000,0x00000000f8180000,0x00000000f8f80000)
 ParOldGen       total 78848K, used 44985K [0x00000000e0000000, 0x00000000e4d00000, 0x00000000f5580000)
  object space 78848K, 57% used [0x00000000e0000000,0x00000000e2bee4a0,0x00000000e4d00000)
 Metaspace       used 22963K, capacity 23291K, committed 23424K, reserved 1071104K
  class space    used 2280K, capacity 2389K, committed 2432K, reserved 1048576K
Event: 22.173 GC heap after
Heap after GC invocations=20 (full 3):
 PSYoungGen      total 59392K, used 10112K [0x00000000f5580000, 0x00000000fa600000, 0x0000000100000000)
  eden space 45056K, 0% used [0x00000000f5580000,0x00000000f5580000,0x00000000f8180000)
  from space 14336K, 70% used [0x00000000f8180000,0x00000000f8b601e0,0x00000000f8f80000)
  to   space 14848K, 0% used [0x00000000f9780000,0x00000000f9780000,0x00000000fa600000)
 ParOldGen       total 78848K, used 51572K [0x00000000e0000000, 0x00000000e4d00000, 0x00000000f5580000)
  object space 78848K, 65% used [0x00000000e0000000,0x00000000e325d180,0x00000000e4d00000)
 Metaspace       used 22963K, capacity 23291K, committed 23424K, reserved 1071104K
  class space    used 2280K, capacity 2389K, committed 2432K, reserved 1048576K
}
Event: 35.525 GC heap before
{Heap before GC invocations=21 (full 3):
 PSYoungGen      total 59392K, used 55168K [0x00000000f5580000, 0x00000000fa600000, 0x0000000100000000)
  eden space 45056K, 100% used [0x00000000f5580000,0x00000000f8180000,0x00000000f8180000)
  from space 14336K, 70% used [0x00000000f8180000,0x00000000f8b601e0,0x00000000f8f80000)
  to   space 14848K, 0% used [0x00000000f9780000,0x00000000f9780000,0x00000000fa600000)
 ParOldGen       total 78848K, used 51572K [0x00000000e0000000, 0x00000000e4d00000, 0x00000000f5580000)
  object space 78848K, 65% used [0x00000000e0000000,0x00000000e325d180,0x00000000e4d00000)
 Metaspace       used 23308K, capacity 23683K, committed 23936K, reserved 1071104K
  class space    used 2280K, capacity 2389K, committed 2432K, reserved 1048576K
Event: 35.742 GC heap after
Heap after GC invocations=21 (full 3):
 PSYoungGen      total 61952K, used 14816K [0x00000000f5580000, 0x00000000fb200000, 0x0000000100000000)
  eden space 47104K, 0% used [0x00000000f5580000,0x00000000f5580000,0x00000000f8380000)
  from space 14848K, 99% used [0x00000000f9780000,0x00000000fa5f81e0,0x00000000fa600000)
  to   space 20480K, 0% used [0x00000000f8380000,0x00000000f8380000,0x00000000f9780000)
 ParOldGen       total 78848K, used 60291K [0x00000000e0000000, 0x00000000e4d00000, 0x00000000f5580000)
  object space 78848K, 76% used [0x00000000e0000000,0x00000000e3ae0c10,0x00000000e4d00000)
 Metaspace       used 23308K, capacity 23683K, committed 23936K, reserved 1071104K
  class space    used 2280K, capacity 2389K, committed 2432K, reserved 1048576K
}
Event: 53.348 GC heap before
{Heap before GC invocations=22 (full 3):
 PSYoungGen      total 61952K, used 61920K [0x00000000f5580000, 0x00000000fb200000, 0x0000000100000000)
  eden space 47104K, 100% used [0x00000000f5580000,0x00000000f8380000,0x00000000f8380000)
  from space 14848K, 99% used [0x00000000f9780000,0x00000000fa5f81e0,0x00000000fa600000)
  to   space 20480K, 0% used [0x00000000f8380000,0x00000000f8380000,0x00000000f9780000)
 ParOldGen       total 78848K, used 60291K [0x00000000e0000000, 0x00000000e4d00000, 0x00000000f5580000)
  object space 78848K, 76% used [0x00000000e0000000,0x00000000e3ae0c10,0x00000000e4d00000)
 Metaspace       used 23381K, capacity 23747K, committed 23936K, reserved 1071104K
  class space    used 2280K, capacity 2389K, committed 2432K, reserved 1048576K
Event: 53.517 GC heap after
Heap after GC invocations=22 (full 3):
 PSYoungGen      total 67584K, used 16832K [0x00000000f5580000, 0x00000000fb800000, 0x0000000100000000)
  eden space 47104K, 0% used [0x00000000f5580000,0x00000000f5580000,0x00000000f8380000)
  from space 20480K, 82% used [0x00000000f8380000,0x00000000f93f0000,0x00000000f9780000)
  to   space 22528K, 0% used [0x00000000fa200000,0x00000000fa200000,0x00000000fb800000)
 ParOldGen       total 78848K, used 74520K [0x00000000e0000000, 0x00000000e4d00000, 0x00000000f5580000)
  object space 78848K, 94% used [0x00000000e0000000,0x00000000e48c6200,0x00000000e4d00000)
 Metaspace       used 23381K, capacity 23747K, committed 23936K, reserved 1071104K
  class space    used 2280K, capacity 2389K, committed 2432K, reserved 1048576K
}
Event: 53.517 GC heap before
{Heap before GC invocations=23 (full 4):
 PSYoungGen      total 67584K, used 16832K [0x00000000f5580000, 0x00000000fb800000, 0x0000000100000000)
  eden space 47104K, 0% used [0x00000000f5580000,0x00000000f5580000,0x00000000f8380000)
  from space 20480K, 82% used [0x00000000f8380000,0x00000000f93f0000,0x00000000f9780000)
  to   space 22528K, 0% used [0x00000000fa200000,0x00000000fa200000,0x00000000fb800000)
 ParOldGen       total 78848K, used 74520K [0x00000000e0000000, 0x00000000e4d00000, 0x00000000f5580000)
  object space 78848K, 94% used [0x00000000e0000000,0x00000000e48c6200,0x00000000e4d00000)
 Metaspace       used 23381K, capacity 23747K, committed 23936K, reserved 1071104K
  class space    used 2280K, capacity 2389K, committed 2432K, reserved 1048576K
Event: 53.646 GC heap after
Heap after GC invocations=23 (full 4):
 PSYoungGen      total 67584K, used 9230K [0x00000000f5580000, 0x00000000fb800000, 0x0000000100000000)
  eden space 47104K, 0% used [0x00000000f5580000,0x00000000f5580000,0x00000000f8380000)
  from space 20480K, 45% used [0x00000000f8380000,0x00000000f8c83ab8,0x00000000f9780000)
  to   space 22528K, 0% used [0x00000000fa200000,0x00000000fa200000,0x00000000fb800000)
 ParOldGen       total 126464K, used 78706K [0x00000000e0000000, 0x00000000e7b80000, 0x00000000f5580000)
  object space 126464K, 62% used [0x00000000e0000000,0x00000000e4cdc9e8,0x00000000e7b80000)
 Metaspace       used 23381K, capacity 23747K, committed 23936K, reserved 1071104K
  class space    used 2280K, capacity 2389K, committed 2432K, reserved 1048576K
}
Event: 55.685 GC heap before
{Heap before GC invocations=24 (full 4):
 PSYoungGen      total 67584K, used 56176K [0x00000000f5580000, 0x00000000fb800000, 0x0000000100000000)
  eden space 47104K, 99% used [0x00000000f5580000,0x00000000f83587e0,0x00000000f8380000)
  from space 20480K, 45% used [0x00000000f8380000,0x00000000f8c83ab8,0x00000000f9780000)
  to   space 22528K, 0% used [0x00000000fa200000,0x00000000fa200000,0x00000000fb800000)
 ParOldGen       total 126464K, used 78706K [0x00000000e0000000, 0x00000000e7b80000, 0x00000000f5580000)
  object space 126464K, 62% used [0x00000000e0000000,0x00000000e4cdc9e8,0x00000000e7b80000)
 Metaspace       used 23397K, capacity 23747K, committed 23936K, reserved 1071104K
  class space    used 2280K, capacity 2389K, committed 2432K, reserved 1048576K
Event: 55.828 GC heap after
Heap after GC invocations=24 (full 4):
 PSYoungGen      total 75776K, used 19808K [0x00000000f5580000, 0x00000000fc180000, 0x0000000100000000)
  eden space 53248K, 0% used [0x00000000f5580000,0x00000000f5580000,0x00000000f8980000)
  from space 22528K, 87% used [0x00000000fa200000,0x00000000fb558210,0x00000000fb800000)
  to   space 25088K, 0% used [0x00000000f8980000,0x00000000f8980000,0x00000000fa200000)
 ParOldGen       total 126464K, used 78714K [0x00000000e0000000, 0x00000000e7b80000, 0x00000000f5580000)
  object space 126464K, 62% used [0x00000000e0000000,0x00000000e4cde9e8,0x00000000e7b80000)
 Metaspace       used 23397K, capacity 23747K, committed 23936K, reserved 1071104K
  class space    used 2280K, capacity 2389K, committed 2432K, reserved 1048576K
}

