# JRE version: Java(TM) SE Runtime Environment (8.0_151-b12) (build 1.8.0_151-b12)
# Java VM: Java HotSpot(TM) 64-Bit Server VM (25.151-b12 mixed mode windows-amd64 compressed oops)
Heap:
 PSYoungGen      total 81920K, used 28400K [0x00000000f5580000, 0x00000000fc800000, 0x0000000100000000)
  eden space 62976K, 24% used [0x00000000f5580000,0x00000000f6467e08,0x00000000f9300000)
  from space 18944K, 69% used [0x00000000f9300000,0x00000000f9fd4250,0x00000000fa580000)
  to   space 19456K, 0% used [0x00000000fb500000,0x00000000fb500000,0x00000000fc800000)
 ParOldGen       total 130560K, used 93895K [0x00000000e0000000, 0x00000000e7f80000, 0x00000000f5580000)
  object space 130560K, 71% used [0x00000000e0000000,0x00000000e5bb1c10,0x00000000e7f80000)
 Metaspace       used 23387K, capacity 23683K, committed 23936K, reserved 1071104K
  class space    used 2280K, capacity 2389K, committed 2432K, reserved 1048576K
GC Heap History (10 events):
Event: 40.450 GC heap before
{Heap before GC invocations=21 (full 3):
 PSYoungGen      total 59392K, used 59360K [0x00000000f5580000, 0x00000000faa00000, 0x0000000100000000)
  eden space 45568K, 100% used [0x00000000f5580000,0x00000000f8200000,0x00000000f8200000)
  from space 13824K, 99% used [0x00000000f8200000,0x00000000f8f78210,0x00000000f8f80000)
  to   space 16384K, 0% used [0x00000000f9a00000,0x00000000f9a00000,0x00000000faa00000)
 ParOldGen       total 82944K, used 48671K [0x00000000e0000000, 0x00000000e5100000, 0x00000000f5580000)
  object space 82944K, 58% used [0x00000000e0000000,0x00000000e2f87d30,0x00000000e5100000)
 Metaspace       used 23213K, capacity 23555K, committed 23680K, reserved 1071104K
  class space    used 2280K, capacity 2389K, committed 2432K, reserved 1048576K
Event: 40.703 GC heap after
Heap after GC invocations=21 (full 3):
 PSYoungGen      total 68608K, used 13152K [0x00000000f5580000, 0x00000000fae00000, 0x0000000100000000)
  eden space 52224K, 0% used [0x00000000f5580000,0x00000000f5580000,0x00000000f8880000)
  from space 16384K, 80% used [0x00000000f9a00000,0x00000000fa6d8060,0x00000000faa00000)
  to   space 17920K, 0% used [0x00000000f8880000,0x00000000f8880000,0x00000000f9a00000)
 ParOldGen       total 82944K, used 60443K [0x00000000e0000000, 0x00000000e5100000, 0x00000000f5580000)
  object space 82944K, 72% used [0x00000000e0000000,0x00000000e3b06ef0,0x00000000e5100000)
 Metaspace       used 23213K, capacity 23555K, committed 23680K, reserved 1071104K
  class space    used 2280K, capacity 2389K, committed 2432K, reserved 1048576K
}
Event: 45.100 GC heap before
{Heap before GC invocations=22 (full 3):
 PSYoungGen      total 68608K, used 65375K [0x00000000f5580000, 0x00000000fae00000, 0x0000000100000000)
  eden space 52224K, 99% used [0x00000000f5580000,0x00000000f887ff98,0x00000000f8880000)
  from space 16384K, 80% used [0x00000000f9a00000,0x00000000fa6d8060,0x00000000faa00000)
  to   space 17920K, 0% used [0x00000000f8880000,0x00000000f8880000,0x00000000f9a00000)
 ParOldGen       total 82944K, used 60443K [0x00000000e0000000, 0x00000000e5100000, 0x00000000f5580000)
  object space 82944K, 72% used [0x00000000e0000000,0x00000000e3b06ef0,0x00000000e5100000)
 Metaspace       used 23304K, capacity 23619K, committed 23936K, reserved 1071104K
  class space    used 2280K, capacity 2389K, committed 2432K, reserved 1048576K
Event: 45.228 GC heap after
Heap after GC invocations=22 (full 3):
 PSYoungGen      total 70144K, used 10544K [0x00000000f5580000, 0x00000000fb700000, 0x0000000100000000)
  eden space 52224K, 0% used [0x00000000f5580000,0x00000000f5580000,0x00000000f8880000)
  from space 17920K, 58% used [0x00000000f8880000,0x00000000f92cc1d0,0x00000000f9a00000)
  to   space 17920K, 0% used [0x00000000fa580000,0x00000000fa580000,0x00000000fb700000)
 ParOldGen       total 82944K, used 73243K [0x00000000e0000000, 0x00000000e5100000, 0x00000000f5580000)
  object space 82944K, 88% used [0x00000000e0000000,0x00000000e4786c50,0x00000000e5100000)
 Metaspace       used 23304K, capacity 23619K, committed 23936K, reserved 1071104K
  class space    used 2280K, capacity 2389K, committed 2432K, reserved 1048576K
}
Event: 45.228 GC heap before
{Heap before GC invocations=23 (full 4):
 PSYoungGen      total 70144K, used 10544K [0x00000000f5580000, 0x00000000fb700000, 0x0000000100000000)
  eden space 52224K, 0% used [0x00000000f5580000,0x00000000f5580000,0x00000000f8880000)
  from space 17920K, 58% used [0x00000000f8880000,0x00000000f92cc1d0,0x00000000f9a00000)
  to   space 17920K, 0% used [0x00000000fa580000,0x00000000fa580000,0x00000000fb700000)
 ParOldGen       total 82944K, used 73243K [0x00000000e0000000, 0x00000000e5100000, 0x00000000f5580000)
  object space 82944K, 88% used [0x00000000e0000000,0x00000000e4786c50,0x00000000e5100000)
 Metaspace       used 23304K, capacity 23619K, committed 23936K, reserved 1071104K
  class space    used 2280K, capacity 2389K, committed 2432K, reserved 1048576K
Event: 45.360 GC heap after
Heap after GC invocations=23 (full 4):
 PSYoungGen      total 70144K, used 0K [0x00000000f5580000, 0x00000000fb700000, 0x0000000100000000)
  eden space 52224K, 0% used [0x00000000f5580000,0x00000000f5580000,0x00000000f8880000)
  from space 17920K, 0% used [0x00000000f8880000,0x00000000f8880000,0x00000000f9a00000)
  to   space 17920K, 0% used [0x00000000fa580000,0x00000000fa580000,0x00000000fb700000)
 ParOldGen       total 130560K, used 81729K [0x00000000e0000000, 0x00000000e7f80000, 0x00000000f5580000)
  object space 130560K, 62% used [0x00000000e0000000,0x00000000e4fd06f0,0x00000000e7f80000)
 Metaspace       used 23304K, capacity 23619K, committed 23936K, reserved 1071104K
  class space    used 2280K, capacity 2389K, committed 2432K, reserved 1048576K
}
Event: 55.012 GC heap before
{Heap before GC invocations=24 (full 4):
 PSYoungGen      total 70144K, used 52224K [0x00000000f5580000, 0x00000000fb700000, 0x0000000100000000)
  eden space 52224K, 100% used [0x00000000f5580000,0x00000000f8880000,0x00000000f8880000)
  from space 17920K, 0% used [0x00000000f8880000,0x00000000f8880000,0x00000000f9a00000)
  to   space 17920K, 0% used [0x00000000fa580000,0x00000000fa580000,0x00000000fb700000)
 ParOldGen       total 130560K, used 81729K [0x00000000e0000000, 0x00000000e7f80000, 0x00000000f5580000)
  object space 130560K, 62% used [0x00000000e0000000,0x00000000e4fd06f0,0x00000000e7f80000)
 Metaspace       used 23362K, capacity 23683K, committed 23936K, reserved 1071104K
  class space    used 2280K, capacity 2389K, committed 2432K, reserved 1048576K
Event: 55.134 GC heap after
Heap after GC invocations=24 (full 4):
 PSYoungGen      total 80896K, used 12480K [0x00000000f5580000, 0x00000000fb980000, 0x0000000100000000)
  eden space 62976K, 0% used [0x00000000f5580000,0x00000000f5580000,0x00000000f9300000)
  from space 17920K, 69% used [0x00000000fa580000,0x00000000fb1b0110,0x00000000fb700000)
  to   space 18944K, 0% used [0x00000000f9300000,0x00000000f9300000,0x00000000fa580000)
 ParOldGen       total 130560K, used 81737K [0x00000000e0000000, 0x00000000e7f80000, 0x00000000f5580000)
  object space 130560K, 62% used [0x00000000e0000000,0x00000000e4fd26f0,0x00000000e7f80000)
 Metaspace       used 23362K, capacity 23683K, committed 23936K, reserved 1071104K
  class space    used 2280K, capacity 2389K, committed 2432K, reserved 1048576K
}
Event: 60.377 GC heap before
{Heap before GC invocations=25 (full 4):
 PSYoungGen      total 80896K, used 75456K [0x00000000f5580000, 0x00000000fb980000, 0x0000000100000000)
  eden space 62976K, 100% used [0x00000000f5580000,0x00000000f9300000,0x00000000f9300000)
  from space 17920K, 69% used [0x00000000fa580000,0x00000000fb1b0110,0x00000000fb700000)
  to   space 18944K, 0% used [0x00000000f9300000,0x00000000f9300000,0x00000000fa580000)
 ParOldGen       total 130560K, used 81737K [0x00000000e0000000, 0x00000000e7f80000, 0x00000000f5580000)
  object space 130560K, 62% used [0x00000000e0000000,0x00000000e4fd26f0,0x00000000e7f80000)
 Metaspace       used 23377K, capacity 23683K, committed 23936K, reserved 1071104K
  class space    used 2280K, capacity 2389K, committed 2432K, reserved 1048576K
Event: 60.494 GC heap after
Heap after GC invocations=25 (full 4):
 PSYoungGen      total 81920K, used 13136K [0x00000000f5580000, 0x00000000fc800000, 0x0000000100000000)
  eden space 62976K, 0% used [0x00000000f5580000,0x00000000f5580000,0x00000000f9300000)
  from space 18944K, 69% used [0x00000000f9300000,0x00000000f9fd4250,0x00000000fa580000)
  to   space 19456K, 0% used [0x00000000fb500000,0x00000000fb500000,0x00000000fc800000)
 ParOldGen       total 130560K, used 93895K [0x00000000e0000000, 0x00000000e7f80000, 0x00000000f5580000)
  object space 130560K, 71% used [0x00000000e0000000,0x00000000e5bb1c10,0x00000000e7f80000)
 Metaspace       used 23377K, capacity 23683K, committed 23936K, reserved 1071104K
  class space    used 2280K, capacity 2389K, committed 2432K, reserved 1048576K
}

