# JRE version: Java(TM) SE Runtime Environment (8.0_151-b12) (build 1.8.0_151-b12)
# Java VM: Java HotSpot(TM) 64-Bit Server VM (25.151-b12 mixed mode windows-amd64 compressed oops)
Heap:
 PSYoungGen      total 54784K, used 42121K [0x00000000f5580000, 0x00000000faa80000, 0x0000000100000000)
  eden space 37888K, 74% used [0x00000000f5580000,0x00000000f710a3b8,0x00000000f7a80000)
  from space 16896K, 82% used [0x00000000f7a80000,0x00000000f88182e0,0x00000000f8b00000)
  to   space 18432K, 0% used [0x00000000f9880000,0x00000000f9880000,0x00000000faa80000)
 ParOldGen       total 82432K, used 55446K [0x00000000e0000000, 0x00000000e5080000, 0x00000000f5580000)
  object space 82432K, 67% used [0x00000000e0000000,0x00000000e36259b0,0x00000000e5080000)
 Metaspace       used 23253K, capacity 23619K, committed 23936K, reserved 1071104K
  class space    used 2280K, capacity 2389K, committed 2432K, reserved 1048576K
GC Heap History (10 events):
Event: 43.516 GC heap before
{Heap before GC invocations=16 (full 2):
 PSYoungGen      total 35840K, used 35840K [0x00000000f5580000, 0x00000000f8e00000, 0x0000000100000000)
  eden space 27648K, 100% used [0x00000000f5580000,0x00000000f7080000,0x00000000f7080000)
  from space 8192K, 100% used [0x00000000f7080000,0x00000000f7880000,0x00000000f7880000)
  to   space 12288K, 0% used [0x00000000f8200000,0x00000000f8200000,0x00000000f8e00000)
 ParOldGen       total 46592K, used 30699K [0x00000000e0000000, 0x00000000e2d80000, 0x00000000f5580000)
  object space 46592K, 65% used [0x00000000e0000000,0x00000000e1dfad40,0x00000000e2d80000)
 Metaspace       used 23177K, capacity 23555K, committed 23680K, reserved 1071104K
  class space    used 2280K, capacity 2389K, committed 2432K, reserved 1048576K
Event: 43.695 GC heap after
Heap after GC invocations=16 (full 2):
 PSYoungGen      total 44544K, used 9728K [0x00000000f5580000, 0x00000000f9180000, 0x0000000100000000)
  eden space 32256K, 0% used [0x00000000f5580000,0x00000000f5580000,0x00000000f7500000)
  from space 12288K, 79% used [0x00000000f8200000,0x00000000f8b80000,0x00000000f8e00000)
  to   space 13312K, 0% used [0x00000000f7500000,0x00000000f7500000,0x00000000f8200000)
 ParOldGen       total 46592K, used 38684K [0x00000000e0000000, 0x00000000e2d80000, 0x00000000f5580000)
  object space 46592K, 83% used [0x00000000e0000000,0x00000000e25c71a0,0x00000000e2d80000)
 Metaspace       used 23177K, capacity 23555K, committed 23680K, reserved 1071104K
  class space    used 2280K, capacity 2389K, committed 2432K, reserved 1048576K
}
Event: 43.695 GC heap before
{Heap before GC invocations=17 (full 3):
 PSYoungGen      total 44544K, used 9728K [0x00000000f5580000, 0x00000000f9180000, 0x0000000100000000)
  eden space 32256K, 0% used [0x00000000f5580000,0x00000000f5580000,0x00000000f7500000)
  from space 12288K, 79% used [0x00000000f8200000,0x00000000f8b80000,0x00000000f8e00000)
  to   space 13312K, 0% used [0x00000000f7500000,0x00000000f7500000,0x00000000f8200000)
 ParOldGen       total 46592K, used 38684K [0x00000000e0000000, 0x00000000e2d80000, 0x00000000f5580000)
  object space 46592K, 83% used [0x00000000e0000000,0x00000000e25c71a0,0x00000000e2d80000)
 Metaspace       used 23177K, capacity 23555K, committed 23680K, reserved 1071104K
  class space    used 2280K, capacity 2389K, committed 2432K, reserved 1048576K
Event: 43.857 GC heap after
Heap after GC invocations=17 (full 3):
 PSYoungGen      total 44544K, used 924K [0x00000000f5580000, 0x00000000f9180000, 0x0000000100000000)
  eden space 32256K, 0% used [0x00000000f5580000,0x00000000f5580000,0x00000000f7500000)
  from space 12288K, 7% used [0x00000000f8200000,0x00000000f82e71f8,0x00000000f8e00000)
  to   space 13312K, 0% used [0x00000000f7500000,0x00000000f7500000,0x00000000f8200000)
 ParOldGen       total 82432K, used 46584K [0x00000000e0000000, 0x00000000e5080000, 0x00000000f5580000)
  object space 82432K, 56% used [0x00000000e0000000,0x00000000e2d7e040,0x00000000e5080000)
 Metaspace       used 23177K, capacity 23555K, committed 23680K, reserved 1071104K
  class space    used 2280K, capacity 2389K, committed 2432K, reserved 1048576K
}
Event: 49.936 GC heap before
{Heap before GC invocations=18 (full 3):
 PSYoungGen      total 44544K, used 32975K [0x00000000f5580000, 0x00000000f9180000, 0x0000000100000000)
  eden space 32256K, 99% used [0x00000000f5580000,0x00000000f74ccdc0,0x00000000f7500000)
  from space 12288K, 7% used [0x00000000f8200000,0x00000000f82e71f8,0x00000000f8e00000)
  to   space 13312K, 0% used [0x00000000f7500000,0x00000000f7500000,0x00000000f8200000)
 ParOldGen       total 82432K, used 46584K [0x00000000e0000000, 0x00000000e5080000, 0x00000000f5580000)
  object space 82432K, 56% used [0x00000000e0000000,0x00000000e2d7e040,0x00000000e5080000)
 Metaspace       used 23204K, capacity 23555K, committed 23680K, reserved 1071104K
  class space    used 2280K, capacity 2389K, committed 2432K, reserved 1048576K
Event: 49.948 GC heap after
Heap after GC invocations=18 (full 3):
 PSYoungGen      total 45568K, used 10413K [0x00000000f5580000, 0x00000000f9900000, 0x0000000100000000)
  eden space 32256K, 0% used [0x00000000f5580000,0x00000000f5580000,0x00000000f7500000)
  from space 13312K, 78% used [0x00000000f7500000,0x00000000f7f2b768,0x00000000f8200000)
  to   space 14336K, 0% used [0x00000000f8b00000,0x00000000f8b00000,0x00000000f9900000)
 ParOldGen       total 82432K, used 46592K [0x00000000e0000000, 0x00000000e5080000, 0x00000000f5580000)
  object space 82432K, 56% used [0x00000000e0000000,0x00000000e2d80040,0x00000000e5080000)
 Metaspace       used 23204K, capacity 23555K, committed 23680K, reserved 1071104K
  class space    used 2280K, capacity 2389K, committed 2432K, reserved 1048576K
}
Event: 51.228 GC heap before
{Heap before GC invocations=19 (full 3):
 PSYoungGen      total 45568K, used 42669K [0x00000000f5580000, 0x00000000f9900000, 0x0000000100000000)
  eden space 32256K, 100% used [0x00000000f5580000,0x00000000f7500000,0x00000000f7500000)
  from space 13312K, 78% used [0x00000000f7500000,0x00000000f7f2b768,0x00000000f8200000)
  to   space 14336K, 0% used [0x00000000f8b00000,0x00000000f8b00000,0x00000000f9900000)
 ParOldGen       total 82432K, used 46592K [0x00000000e0000000, 0x00000000e5080000, 0x00000000f5580000)
  object space 82432K, 56% used [0x00000000e0000000,0x00000000e2d80040,0x00000000e5080000)
 Metaspace       used 23208K, capacity 23555K, committed 23680K, reserved 1071104K
  class space    used 2280K, capacity 2389K, committed 2432K, reserved 1048576K
Event: 51.384 GC heap after
Heap after GC invocations=19 (full 3):
 PSYoungGen      total 52224K, used 14304K [0x00000000f5580000, 0x00000000fa480000, 0x0000000100000000)
  eden space 37888K, 0% used [0x00000000f5580000,0x00000000f5580000,0x00000000f7a80000)
  from space 14336K, 99% used [0x00000000f8b00000,0x00000000f98f8200,0x00000000f9900000)
  to   space 16896K, 0% used [0x00000000f7a80000,0x00000000f7a80000,0x00000000f8b00000)
 ParOldGen       total 82432K, used 47838K [0x00000000e0000000, 0x00000000e5080000, 0x00000000f5580000)
  object space 82432K, 58% used [0x00000000e0000000,0x00000000e2eb7a40,0x00000000e5080000)
 Metaspace       used 23208K, capacity 23555K, committed 23680K, reserved 1071104K
  class space    used 2280K, capacity 2389K, committed 2432K, reserved 1048576K
}
Event: 52.787 GC heap before
{Heap before GC invocations=20 (full 3):
 PSYoungGen      total 52224K, used 51955K [0x00000000f5580000, 0x00000000fa480000, 0x0000000100000000)
  eden space 37888K, 99% used [0x00000000f5580000,0x00000000f7a44a08,0x00000000f7a80000)
  from space 14336K, 99% used [0x00000000f8b00000,0x00000000f98f8200,0x00000000f9900000)
  to   space 16896K, 0% used [0x00000000f7a80000,0x00000000f7a80000,0x00000000f8b00000)
 ParOldGen       total 82432K, used 47838K [0x00000000e0000000, 0x00000000e5080000, 0x00000000f5580000)
  object space 82432K, 58% used [0x00000000e0000000,0x00000000e2eb7a40,0x00000000e5080000)
 Metaspace       used 23250K, capacity 23619K, committed 23936K, reserved 1071104K
  class space    used 2280K, capacity 2389K, committed 2432K, reserved 1048576K
Event: 52.893 GC heap after
Heap after GC invocations=20 (full 3):
 PSYoungGen      total 54784K, used 13920K [0x00000000f5580000, 0x00000000faa80000, 0x0000000100000000)
  eden space 37888K, 0% used [0x00000000f5580000,0x00000000f5580000,0x00000000f7a80000)
  from space 16896K, 82% used [0x00000000f7a80000,0x00000000f88182e0,0x00000000f8b00000)
  to   space 18432K, 0% used [0x00000000f9880000,0x00000000f9880000,0x00000000faa80000)
 ParOldGen       total 82432K, used 55446K [0x00000000e0000000, 0x00000000e5080000, 0x00000000f5580000)
  object space 82432K, 67% used [0x00000000e0000000,0x00000000e36259b0,0x00000000e5080000)
 Metaspace       used 23250K, capacity 23619K, committed 23936K, reserved 1071104K
  class space    used 2280K, capacity 2389K, committed 2432K, reserved 1048576K
}

