# JRE version: Java(TM) SE Runtime Environment (8.0_151-b12) (build 1.8.0_151-b12)
# Java VM: Java HotSpot(TM) 64-Bit Server VM (25.151-b12 mixed mode windows-amd64 compressed oops)
Heap:
 PSYoungGen      total 110080K, used 89072K [0x00000000f5580000, 0x00000000fe700000, 0x0000000100000000)
  eden space 82432K, 92% used [0x00000000f5580000,0x00000000fa02bdc8,0x00000000fa600000)
  from space 27648K, 45% used [0x00000000fa600000,0x00000000fb250250,0x00000000fc100000)
  to   space 26112K, 0% used [0x00000000fcd80000,0x00000000fcd80000,0x00000000fe700000)
 ParOldGen       total 135168K, used 99519K [0x00000000e0000000, 0x00000000e8400000, 0x00000000f5580000)
  object space 135168K, 73% used [0x00000000e0000000,0x00000000e612fff0,0x00000000e8400000)
 Metaspace       used 23487K, capacity 23807K, committed 23936K, reserved 1071104K
  class space    used 2282K, capacity 2389K, committed 2432K, reserved 1048576K
GC Heap History (10 events):
Event: 41.610 GC heap before
{Heap before GC invocations=27 (full 3):
 PSYoungGen      total 84992K, used 84693K [0x00000000f5580000, 0x00000000fca00000, 0x0000000100000000)
  eden space 66048K, 99% used [0x00000000f5580000,0x00000000f95f9258,0x00000000f9600000)
  from space 18944K, 98% used [0x00000000f9600000,0x00000000fa83c1b0,0x00000000fa880000)
  to   space 21504K, 0% used [0x00000000fb500000,0x00000000fb500000,0x00000000fca00000)
 ParOldGen       total 86528K, used 63418K [0x00000000e0000000, 0x00000000e5480000, 0x00000000f5580000)
  object space 86528K, 73% used [0x00000000e0000000,0x00000000e3deeb28,0x00000000e5480000)
 Metaspace       used 23443K, capacity 23807K, committed 23936K, reserved 1071104K
  class space    used 2282K, capacity 2389K, committed 2432K, reserved 1048576K
Event: 41.740 GC heap after
Heap after GC invocations=27 (full 3):
 PSYoungGen      total 92160K, used 21472K [0x00000000f5580000, 0x00000000fd900000, 0x0000000100000000)
  eden space 70656K, 0% used [0x00000000f5580000,0x00000000f5580000,0x00000000f9a80000)
  from space 21504K, 99% used [0x00000000fb500000,0x00000000fc9f8370,0x00000000fca00000)
  to   space 27136K, 0% used [0x00000000f9a80000,0x00000000f9a80000,0x00000000fb500000)
 ParOldGen       total 86528K, used 69080K [0x00000000e0000000, 0x00000000e5480000, 0x00000000f5580000)
  object space 86528K, 79% used [0x00000000e0000000,0x00000000e43763d8,0x00000000e5480000)
 Metaspace       used 23443K, capacity 23807K, committed 23936K, reserved 1071104K
  class space    used 2282K, capacity 2389K, committed 2432K, reserved 1048576K
}
Event: 47.917 GC heap before
{Heap before GC invocations=28 (full 3):
 PSYoungGen      total 92160K, used 92128K [0x00000000f5580000, 0x00000000fd900000, 0x0000000100000000)
  eden space 70656K, 100% used [0x00000000f5580000,0x00000000f9a80000,0x00000000f9a80000)
  from space 21504K, 99% used [0x00000000fb500000,0x00000000fc9f8370,0x00000000fca00000)
  to   space 27136K, 0% used [0x00000000f9a80000,0x00000000f9a80000,0x00000000fb500000)
 ParOldGen       total 86528K, used 69080K [0x00000000e0000000, 0x00000000e5480000, 0x00000000f5580000)
  object space 86528K, 79% used [0x00000000e0000000,0x00000000e43763d8,0x00000000e5480000)
 Metaspace       used 23450K, capacity 23807K, committed 23936K, reserved 1071104K
  class space    used 2282K, capacity 2389K, committed 2432K, reserved 1048576K
Event: 48.013 GC heap after
Heap after GC invocations=28 (full 3):
 PSYoungGen      total 97792K, used 20624K [0x00000000f5580000, 0x00000000fdf00000, 0x0000000100000000)
  eden space 70656K, 0% used [0x00000000f5580000,0x00000000f5580000,0x00000000f9a80000)
  from space 27136K, 76% used [0x00000000f9a80000,0x00000000faea42d0,0x00000000fb500000)
  to   space 29184K, 0% used [0x00000000fc280000,0x00000000fc280000,0x00000000fdf00000)
 ParOldGen       total 86528K, used 77293K [0x00000000e0000000, 0x00000000e5480000, 0x00000000f5580000)
  object space 86528K, 89% used [0x00000000e0000000,0x00000000e4b7b678,0x00000000e5480000)
 Metaspace       used 23450K, capacity 23807K, committed 23936K, reserved 1071104K
  class space    used 2282K, capacity 2389K, committed 2432K, reserved 1048576K
}
Event: 48.013 GC heap before
{Heap before GC invocations=29 (full 4):
 PSYoungGen      total 97792K, used 20624K [0x00000000f5580000, 0x00000000fdf00000, 0x0000000100000000)
  eden space 70656K, 0% used [0x00000000f5580000,0x00000000f5580000,0x00000000f9a80000)
  from space 27136K, 76% used [0x00000000f9a80000,0x00000000faea42d0,0x00000000fb500000)
  to   space 29184K, 0% used [0x00000000fc280000,0x00000000fc280000,0x00000000fdf00000)
 ParOldGen       total 86528K, used 77293K [0x00000000e0000000, 0x00000000e5480000, 0x00000000f5580000)
  object space 86528K, 89% used [0x00000000e0000000,0x00000000e4b7b678,0x00000000e5480000)
 Metaspace       used 23450K, capacity 23807K, committed 23936K, reserved 1071104K
  class space    used 2282K, capacity 2389K, committed 2432K, reserved 1048576K
Event: 48.195 GC heap after
Heap after GC invocations=29 (full 4):
 PSYoungGen      total 97792K, used 8100K [0x00000000f5580000, 0x00000000fdf00000, 0x0000000100000000)
  eden space 70656K, 0% used [0x00000000f5580000,0x00000000f5580000,0x00000000f9a80000)
  from space 27136K, 29% used [0x00000000f9a80000,0x00000000fa269338,0x00000000fb500000)
  to   space 29184K, 0% used [0x00000000fc280000,0x00000000fc280000,0x00000000fdf00000)
 ParOldGen       total 135168K, used 86027K [0x00000000e0000000, 0x00000000e8400000, 0x00000000f5580000)
  object space 135168K, 63% used [0x00000000e0000000,0x00000000e5402e68,0x00000000e8400000)
 Metaspace       used 23450K, capacity 23807K, committed 23936K, reserved 1071104K
  class space    used 2282K, capacity 2389K, committed 2432K, reserved 1048576K
}
Event: 55.454 GC heap before
{Heap before GC invocations=30 (full 4):
 PSYoungGen      total 97792K, used 78756K [0x00000000f5580000, 0x00000000fdf00000, 0x0000000100000000)
  eden space 70656K, 100% used [0x00000000f5580000,0x00000000f9a80000,0x00000000f9a80000)
  from space 27136K, 29% used [0x00000000f9a80000,0x00000000fa269338,0x00000000fb500000)
  to   space 29184K, 0% used [0x00000000fc280000,0x00000000fc280000,0x00000000fdf00000)
 ParOldGen       total 135168K, used 86027K [0x00000000e0000000, 0x00000000e8400000, 0x00000000f5580000)
  object space 135168K, 63% used [0x00000000e0000000,0x00000000e5402e68,0x00000000e8400000)
 Metaspace       used 23466K, capacity 23807K, committed 23936K, reserved 1071104K
  class space    used 2282K, capacity 2389K, committed 2432K, reserved 1048576K
Event: 55.533 GC heap after
Heap after GC invocations=30 (full 4):
 PSYoungGen      total 108544K, used 10720K [0x00000000f5580000, 0x00000000fdc00000, 0x0000000100000000)
  eden space 82432K, 0% used [0x00000000f5580000,0x00000000f5580000,0x00000000fa600000)
  from space 26112K, 41% used [0x00000000fc280000,0x00000000fccf8010,0x00000000fdc00000)
  to   space 27648K, 0% used [0x00000000fa600000,0x00000000fa600000,0x00000000fc100000)
 ParOldGen       total 135168K, used 89649K [0x00000000e0000000, 0x00000000e8400000, 0x00000000f5580000)
  object space 135168K, 66% used [0x00000000e0000000,0x00000000e578c5a8,0x00000000e8400000)
 Metaspace       used 23466K, capacity 23807K, committed 23936K, reserved 1071104K
  class space    used 2282K, capacity 2389K, committed 2432K, reserved 1048576K
}
Event: 60.250 GC heap before
{Heap before GC invocations=31 (full 4):
 PSYoungGen      total 108544K, used 93152K [0x00000000f5580000, 0x00000000fdc00000, 0x0000000100000000)
  eden space 82432K, 100% used [0x00000000f5580000,0x00000000fa600000,0x00000000fa600000)
  from space 26112K, 41% used [0x00000000fc280000,0x00000000fccf8010,0x00000000fdc00000)
  to   space 27648K, 0% used [0x00000000fa600000,0x00000000fa600000,0x00000000fc100000)
 ParOldGen       total 135168K, used 89650K [0x00000000e0000000, 0x00000000e8400000, 0x00000000f5580000)
  object space 135168K, 66% used [0x00000000e0000000,0x00000000e578c9e0,0x00000000e8400000)
 Metaspace       used 23482K, capacity 23807K, committed 23936K, reserved 1071104K
  class space    used 2282K, capacity 2389K, committed 2432K, reserved 1048576K
Event: 60.347 GC heap after
Heap after GC invocations=31 (full 4):
 PSYoungGen      total 110080K, used 12608K [0x00000000f5580000, 0x00000000fe700000, 0x0000000100000000)
  eden space 82432K, 0% used [0x00000000f5580000,0x00000000f5580000,0x00000000fa600000)
  from space 27648K, 45% used [0x00000000fa600000,0x00000000fb250250,0x00000000fc100000)
  to   space 26112K, 0% used [0x00000000fcd80000,0x00000000fcd80000,0x00000000fe700000)
 ParOldGen       total 135168K, used 99519K [0x00000000e0000000, 0x00000000e8400000, 0x00000000f5580000)
  object space 135168K, 73% used [0x00000000e0000000,0x00000000e612fff0,0x00000000e8400000)
 Metaspace       used 23482K, capacity 23807K, committed 23936K, reserved 1071104K
  class space    used 2282K, capacity 2389K, committed 2432K, reserved 1048576K
}

