# JRE version: Java(TM) SE Runtime Environment (8.0_151-b12) (build 1.8.0_151-b12)
# Java VM: Java HotSpot(TM) 64-Bit Server VM (25.151-b12 mixed mode windows-amd64 compressed oops)
Heap:
 PSYoungGen      total 50176K, used 43029K [0x00000000f5580000, 0x00000000fa700000, 0x0000000100000000)
  eden space 38912K, 81% used [0x00000000f5580000,0x00000000f748d670,0x00000000f7b80000)
  from space 11264K, 99% used [0x00000000f7b80000,0x00000000f86780f0,0x00000000f8680000)
  to   space 16896K, 0% used [0x00000000f9680000,0x00000000f9680000,0x00000000fa700000)
 ParOldGen       total 75776K, used 60179K [0x00000000e0000000, 0x00000000e4a00000, 0x00000000f5580000)
  object space 75776K, 79% used [0x00000000e0000000,0x00000000e3ac4fe0,0x00000000e4a00000)
 Metaspace       used 23331K, capacity 23675K, committed 23936K, reserved 1071104K
  class space    used 2280K, capacity 2389K, committed 2432K, reserved 1048576K
GC Heap History (10 events):
Event: 31.997 GC heap before
{Heap before GC invocations=18 (full 2):
 PSYoungGen      total 30208K, used 28310K [0x00000000f5580000, 0x00000000f8480000, 0x0000000100000000)
  eden space 22016K, 99% used [0x00000000f5580000,0x00000000f6afd7b0,0x00000000f6b00000)
  from space 8192K, 76% used [0x00000000f6b00000,0x00000000f7128170,0x00000000f7300000)
  to   space 8704K, 0% used [0x00000000f7c00000,0x00000000f7c00000,0x00000000f8480000)
 ParOldGen       total 46592K, used 31241K [0x00000000e0000000, 0x00000000e2d80000, 0x00000000f5580000)
  object space 46592K, 67% used [0x00000000e0000000,0x00000000e1e82550,0x00000000e2d80000)
 Metaspace       used 22982K, capacity 23355K, committed 23680K, reserved 1071104K
  class space    used 2280K, capacity 2389K, committed 2432K, reserved 1048576K
Event: 32.023 GC heap after
Heap after GC invocations=18 (full 2):
 PSYoungGen      total 38912K, used 6784K [0x00000000f5580000, 0x00000000f8700000, 0x0000000100000000)
  eden space 30208K, 0% used [0x00000000f5580000,0x00000000f5580000,0x00000000f7300000)
  from space 8704K, 77% used [0x00000000f7c00000,0x00000000f82a0180,0x00000000f8480000)
  to   space 9216K, 0% used [0x00000000f7300000,0x00000000f7300000,0x00000000f7c00000)
 ParOldGen       total 46592K, used 36874K [0x00000000e0000000, 0x00000000e2d80000, 0x00000000f5580000)
  object space 46592K, 79% used [0x00000000e0000000,0x00000000e24028c0,0x00000000e2d80000)
 Metaspace       used 22982K, capacity 23355K, committed 23680K, reserved 1071104K
  class space    used 2280K, capacity 2389K, committed 2432K, reserved 1048576K
}
Event: 32.904 GC heap before
{Heap before GC invocations=19 (full 2):
 PSYoungGen      total 38912K, used 36812K [0x00000000f5580000, 0x00000000f8700000, 0x0000000100000000)
  eden space 30208K, 99% used [0x00000000f5580000,0x00000000f72d3270,0x00000000f7300000)
  from space 8704K, 77% used [0x00000000f7c00000,0x00000000f82a0180,0x00000000f8480000)
  to   space 9216K, 0% used [0x00000000f7300000,0x00000000f7300000,0x00000000f7c00000)
 ParOldGen       total 46592K, used 36874K [0x00000000e0000000, 0x00000000e2d80000, 0x00000000f5580000)
  object space 46592K, 79% used [0x00000000e0000000,0x00000000e24028c0,0x00000000e2d80000)
 Metaspace       used 23018K, capacity 23355K, committed 23680K, reserved 1071104K
  class space    used 2280K, capacity 2389K, committed 2432K, reserved 1048576K
Event: 32.937 GC heap after
Heap after GC invocations=19 (full 2):
 PSYoungGen      total 39424K, used 8352K [0x00000000f5580000, 0x00000000f9080000, 0x0000000100000000)
  eden space 30208K, 0% used [0x00000000f5580000,0x00000000f5580000,0x00000000f7300000)
  from space 9216K, 90% used [0x00000000f7300000,0x00000000f7b281d0,0x00000000f7c00000)
  to   space 10240K, 0% used [0x00000000f8680000,0x00000000f8680000,0x00000000f9080000)
 ParOldGen       total 46592K, used 42262K [0x00000000e0000000, 0x00000000e2d80000, 0x00000000f5580000)
  object space 46592K, 90% used [0x00000000e0000000,0x00000000e2945b30,0x00000000e2d80000)
 Metaspace       used 23018K, capacity 23355K, committed 23680K, reserved 1071104K
  class space    used 2280K, capacity 2389K, committed 2432K, reserved 1048576K
}
Event: 32.937 GC heap before
{Heap before GC invocations=20 (full 3):
 PSYoungGen      total 39424K, used 8352K [0x00000000f5580000, 0x00000000f9080000, 0x0000000100000000)
  eden space 30208K, 0% used [0x00000000f5580000,0x00000000f5580000,0x00000000f7300000)
  from space 9216K, 90% used [0x00000000f7300000,0x00000000f7b281d0,0x00000000f7c00000)
  to   space 10240K, 0% used [0x00000000f8680000,0x00000000f8680000,0x00000000f9080000)
 ParOldGen       total 46592K, used 42262K [0x00000000e0000000, 0x00000000e2d80000, 0x00000000f5580000)
  object space 46592K, 90% used [0x00000000e0000000,0x00000000e2945b30,0x00000000e2d80000)
 Metaspace       used 23018K, capacity 23355K, committed 23680K, reserved 1071104K
  class space    used 2280K, capacity 2389K, committed 2432K, reserved 1048576K
Event: 33.072 GC heap after
Heap after GC invocations=20 (full 3):
 PSYoungGen      total 39424K, used 3652K [0x00000000f5580000, 0x00000000f9080000, 0x0000000100000000)
  eden space 30208K, 0% used [0x00000000f5580000,0x00000000f5580000,0x00000000f7300000)
  from space 9216K, 39% used [0x00000000f7300000,0x00000000f76910d8,0x00000000f7c00000)
  to   space 10240K, 0% used [0x00000000f8680000,0x00000000f8680000,0x00000000f9080000)
 ParOldGen       total 75776K, used 46241K [0x00000000e0000000, 0x00000000e4a00000, 0x00000000f5580000)
  object space 75776K, 61% used [0x00000000e0000000,0x00000000e2d28720,0x00000000e4a00000)
 Metaspace       used 23018K, capacity 23355K, committed 23680K, reserved 1071104K
  class space    used 2280K, capacity 2389K, committed 2432K, reserved 1048576K
}
Event: 41.702 GC heap before
{Heap before GC invocations=21 (full 3):
 PSYoungGen      total 39424K, used 33860K [0x00000000f5580000, 0x00000000f9080000, 0x0000000100000000)
  eden space 30208K, 100% used [0x00000000f5580000,0x00000000f7300000,0x00000000f7300000)
  from space 9216K, 39% used [0x00000000f7300000,0x00000000f76910d8,0x00000000f7c00000)
  to   space 10240K, 0% used [0x00000000f8680000,0x00000000f8680000,0x00000000f9080000)
 ParOldGen       total 75776K, used 46241K [0x00000000e0000000, 0x00000000e4a00000, 0x00000000f5580000)
  object space 75776K, 61% used [0x00000000e0000000,0x00000000e2d28720,0x00000000e4a00000)
 Metaspace       used 23129K, capacity 23483K, committed 23680K, reserved 1071104K
  class space    used 2280K, capacity 2389K, committed 2432K, reserved 1048576K
Event: 41.818 GC heap after
Heap after GC invocations=21 (full 3):
 PSYoungGen      total 49152K, used 9568K [0x00000000f5580000, 0x00000000f9180000, 0x0000000100000000)
  eden space 38912K, 0% used [0x00000000f5580000,0x00000000f5580000,0x00000000f7b80000)
  from space 10240K, 93% used [0x00000000f8680000,0x00000000f8fd8080,0x00000000f9080000)
  to   space 11264K, 0% used [0x00000000f7b80000,0x00000000f7b80000,0x00000000f8680000)
 ParOldGen       total 75776K, used 49868K [0x00000000e0000000, 0x00000000e4a00000, 0x00000000f5580000)
  object space 75776K, 65% used [0x00000000e0000000,0x00000000e30b3020,0x00000000e4a00000)
 Metaspace       used 23129K, capacity 23483K, committed 23680K, reserved 1071104K
  class space    used 2280K, capacity 2389K, committed 2432K, reserved 1048576K
}
Event: 53.249 GC heap before
{Heap before GC invocations=22 (full 3):
 PSYoungGen      total 49152K, used 48480K [0x00000000f5580000, 0x00000000f9180000, 0x0000000100000000)
  eden space 38912K, 100% used [0x00000000f5580000,0x00000000f7b80000,0x00000000f7b80000)
  from space 10240K, 93% used [0x00000000f8680000,0x00000000f8fd8080,0x00000000f9080000)
  to   space 11264K, 0% used [0x00000000f7b80000,0x00000000f7b80000,0x00000000f8680000)
 ParOldGen       total 75776K, used 49868K [0x00000000e0000000, 0x00000000e4a00000, 0x00000000f5580000)
  object space 75776K, 65% used [0x00000000e0000000,0x00000000e30b3020,0x00000000e4a00000)
 Metaspace       used 23275K, capacity 23611K, committed 23936K, reserved 1071104K
  class space    used 2280K, capacity 2389K, committed 2432K, reserved 1048576K
Event: 53.395 GC heap after
Heap after GC invocations=22 (full 3):
 PSYoungGen      total 50176K, used 11232K [0x00000000f5580000, 0x00000000fa700000, 0x0000000100000000)
  eden space 38912K, 0% used [0x00000000f5580000,0x00000000f5580000,0x00000000f7b80000)
  from space 11264K, 99% used [0x00000000f7b80000,0x00000000f86780f0,0x00000000f8680000)
  to   space 16896K, 0% used [0x00000000f9680000,0x00000000f9680000,0x00000000fa700000)
 ParOldGen       total 75776K, used 60179K [0x00000000e0000000, 0x00000000e4a00000, 0x00000000f5580000)
  object space 75776K, 79% used [0x00000000e0000000,0x00000000e3ac4fe0,0x00000000e4a00000)
 Metaspace       used 23275K, capacity 23611K, committed 23936K, reserved 1071104K
  class space    used 2280K, capacity 2389K, committed 2432K, reserved 1048576K
}

