# JRE version: Java(TM) SE Runtime Environment (8.0_151-b12) (build 1.8.0_151-b12)
# Java VM: Java HotSpot(TM) 64-Bit Server VM (25.151-b12 mixed mode windows-amd64 compressed oops)
Heap:
 PSYoungGen      total 63488K, used 4387K [0x00000000f5580000, 0x00000000fa700000, 0x0000000100000000)
  eden space 45568K, 9% used [0x00000000f5580000,0x00000000f59c8ce8,0x00000000f8200000)
  from space 17920K, 0% used [0x00000000f9400000,0x00000000f9400000,0x00000000fa580000)
  to   space 18432K, 0% used [0x00000000f8200000,0x00000000f8200000,0x00000000f9400000)
 ParOldGen       total 140288K, used 88955K [0x00000000e0000000, 0x00000000e8900000, 0x00000000f5580000)
  object space 140288K, 63% used [0x00000000e0000000,0x00000000e56ded60,0x00000000e8900000)
 Metaspace       used 23301K, capacity 23675K, committed 23936K, reserved 1071104K
  class space    used 2280K, capacity 2389K, committed 2432K, reserved 1048576K
GC Heap History (10 events):
Event: 27.671 GC heap before
{Heap before GC invocations=20 (full 3):
 PSYoungGen      total 48640K, used 7008K [0x00000000f5580000, 0x00000000f9900000, 0x0000000100000000)
  eden space 33792K, 0% used [0x00000000f5580000,0x00000000f5580000,0x00000000f7680000)
  from space 14848K, 47% used [0x00000000f7680000,0x00000000f7d58160,0x00000000f8500000)
  to   space 14336K, 0% used [0x00000000f8b00000,0x00000000f8b00000,0x00000000f9900000)
 ParOldGen       total 52224K, used 51837K [0x00000000e0000000, 0x00000000e3300000, 0x00000000f5580000)
  object space 52224K, 99% used [0x00000000e0000000,0x00000000e329f7d0,0x00000000e3300000)
 Metaspace       used 23083K, capacity 23419K, committed 23680K, reserved 1071104K
  class space    used 2279K, capacity 2389K, committed 2432K, reserved 1048576K
Event: 27.793 GC heap after
Heap after GC invocations=20 (full 3):
 PSYoungGen      total 48640K, used 4194K [0x00000000f5580000, 0x00000000f9900000, 0x0000000100000000)
  eden space 33792K, 0% used [0x00000000f5580000,0x00000000f5580000,0x00000000f7680000)
  from space 14848K, 28% used [0x00000000f7680000,0x00000000f7a98b28,0x00000000f8500000)
  to   space 14336K, 0% used [0x00000000f8b00000,0x00000000f8b00000,0x00000000f9900000)
 ParOldGen       total 90112K, used 51823K [0x00000000e0000000, 0x00000000e5800000, 0x00000000f5580000)
  object space 90112K, 57% used [0x00000000e0000000,0x00000000e329bf80,0x00000000e5800000)
 Metaspace       used 23083K, capacity 23419K, committed 23680K, reserved 1071104K
  class space    used 2279K, capacity 2389K, committed 2432K, reserved 1048576K
}
Event: 37.947 GC heap before
{Heap before GC invocations=21 (full 3):
 PSYoungGen      total 48640K, used 37986K [0x00000000f5580000, 0x00000000f9900000, 0x0000000100000000)
  eden space 33792K, 100% used [0x00000000f5580000,0x00000000f7680000,0x00000000f7680000)
  from space 14848K, 28% used [0x00000000f7680000,0x00000000f7a98b28,0x00000000f8500000)
  to   space 14336K, 0% used [0x00000000f8b00000,0x00000000f8b00000,0x00000000f9900000)
 ParOldGen       total 90112K, used 51823K [0x00000000e0000000, 0x00000000e5800000, 0x00000000f5580000)
  object space 90112K, 57% used [0x00000000e0000000,0x00000000e329bf80,0x00000000e5800000)
 Metaspace       used 23251K, capacity 23547K, committed 23680K, reserved 1071104K
  class space    used 2280K, capacity 2389K, committed 2432K, reserved 1048576K
Event: 38.050 GC heap after
Heap after GC invocations=21 (full 3):
 PSYoungGen      total 52224K, used 14304K [0x00000000f5580000, 0x00000000f9e80000, 0x0000000100000000)
  eden space 37888K, 0% used [0x00000000f5580000,0x00000000f5580000,0x00000000f7a80000)
  from space 14336K, 99% used [0x00000000f8b00000,0x00000000f98f8110,0x00000000f9900000)
  to   space 16896K, 0% used [0x00000000f7a80000,0x00000000f7a80000,0x00000000f8b00000)
 ParOldGen       total 90112K, used 52511K [0x00000000e0000000, 0x00000000e5800000, 0x00000000f5580000)
  object space 90112K, 58% used [0x00000000e0000000,0x00000000e3347d70,0x00000000e5800000)
 Metaspace       used 23251K, capacity 23547K, committed 23680K, reserved 1071104K
  class space    used 2280K, capacity 2389K, committed 2432K, reserved 1048576K
}
Event: 50.406 GC heap before
{Heap before GC invocations=22 (full 3):
 PSYoungGen      total 52224K, used 52192K [0x00000000f5580000, 0x00000000f9e80000, 0x0000000100000000)
  eden space 37888K, 100% used [0x00000000f5580000,0x00000000f7a80000,0x00000000f7a80000)
  from space 14336K, 99% used [0x00000000f8b00000,0x00000000f98f8110,0x00000000f9900000)
  to   space 16896K, 0% used [0x00000000f7a80000,0x00000000f7a80000,0x00000000f8b00000)
 ParOldGen       total 90112K, used 52511K [0x00000000e0000000, 0x00000000e5800000, 0x00000000f5580000)
  object space 90112K, 58% used [0x00000000e0000000,0x00000000e3347d70,0x00000000e5800000)
 Metaspace       used 23264K, capacity 23547K, committed 23680K, reserved 1071104K
  class space    used 2280K, capacity 2389K, committed 2432K, reserved 1048576K
Event: 50.581 GC heap after
Heap after GC invocations=22 (full 3):
 PSYoungGen      total 54784K, used 13088K [0x00000000f5580000, 0x00000000fa580000, 0x0000000100000000)
  eden space 37888K, 0% used [0x00000000f5580000,0x00000000f5580000,0x00000000f7a80000)
  from space 16896K, 77% used [0x00000000f7a80000,0x00000000f87480b0,0x00000000f8b00000)
  to   space 17920K, 0% used [0x00000000f9400000,0x00000000f9400000,0x00000000fa580000)
 ParOldGen       total 90112K, used 66476K [0x00000000e0000000, 0x00000000e5800000, 0x00000000f5580000)
  object space 90112K, 73% used [0x00000000e0000000,0x00000000e40eb340,0x00000000e5800000)
 Metaspace       used 23264K, capacity 23547K, committed 23680K, reserved 1071104K
  class space    used 2280K, capacity 2389K, committed 2432K, reserved 1048576K
}
Event: 58.508 GC heap before
{Heap before GC invocations=23 (full 3):
 PSYoungGen      total 54784K, used 50976K [0x00000000f5580000, 0x00000000fa580000, 0x0000000100000000)
  eden space 37888K, 100% used [0x00000000f5580000,0x00000000f7a80000,0x00000000f7a80000)
  from space 16896K, 77% used [0x00000000f7a80000,0x00000000f87480b0,0x00000000f8b00000)
  to   space 17920K, 0% used [0x00000000f9400000,0x00000000f9400000,0x00000000fa580000)
 ParOldGen       total 90112K, used 66476K [0x00000000e0000000, 0x00000000e5800000, 0x00000000f5580000)
  object space 90112K, 73% used [0x00000000e0000000,0x00000000e40eb340,0x00000000e5800000)
 Metaspace       used 23300K, capacity 23675K, committed 23936K, reserved 1071104K
  class space    used 2280K, capacity 2389K, committed 2432K, reserved 1048576K
Event: 58.685 GC heap after
Heap after GC invocations=23 (full 3):
 PSYoungGen      total 63488K, used 12096K [0x00000000f5580000, 0x00000000fa700000, 0x0000000100000000)
  eden space 45568K, 0% used [0x00000000f5580000,0x00000000f5580000,0x00000000f8200000)
  from space 17920K, 67% used [0x00000000f9400000,0x00000000f9fd0140,0x00000000fa580000)
  to   space 18432K, 0% used [0x00000000f8200000,0x00000000f8200000,0x00000000f9400000)
 ParOldGen       total 90112K, used 78097K [0x00000000e0000000, 0x00000000e5800000, 0x00000000f5580000)
  object space 90112K, 86% used [0x00000000e0000000,0x00000000e4c44510,0x00000000e5800000)
 Metaspace       used 23300K, capacity 23675K, committed 23936K, reserved 1071104K
  class space    used 2280K, capacity 2389K, committed 2432K, reserved 1048576K
}
Event: 58.685 GC heap before
{Heap before GC invocations=24 (full 4):
 PSYoungGen      total 63488K, used 12096K [0x00000000f5580000, 0x00000000fa700000, 0x0000000100000000)
  eden space 45568K, 0% used [0x00000000f5580000,0x00000000f5580000,0x00000000f8200000)
  from space 17920K, 67% used [0x00000000f9400000,0x00000000f9fd0140,0x00000000fa580000)
  to   space 18432K, 0% used [0x00000000f8200000,0x00000000f8200000,0x00000000f9400000)
 ParOldGen       total 90112K, used 78097K [0x00000000e0000000, 0x00000000e5800000, 0x00000000f5580000)
  object space 90112K, 86% used [0x00000000e0000000,0x00000000e4c44510,0x00000000e5800000)
 Metaspace       used 23300K, capacity 23675K, committed 23936K, reserved 1071104K
  class space    used 2280K, capacity 2389K, committed 2432K, reserved 1048576K
Event: 58.865 GC heap after
Heap after GC invocations=24 (full 4):
 PSYoungGen      total 63488K, used 0K [0x00000000f5580000, 0x00000000fa700000, 0x0000000100000000)
  eden space 45568K, 0% used [0x00000000f5580000,0x00000000f5580000,0x00000000f8200000)
  from space 17920K, 0% used [0x00000000f9400000,0x00000000f9400000,0x00000000fa580000)
  to   space 18432K, 0% used [0x00000000f8200000,0x00000000f8200000,0x00000000f9400000)
 ParOldGen       total 140288K, used 88955K [0x00000000e0000000, 0x00000000e8900000, 0x00000000f5580000)
  object space 140288K, 63% used [0x00000000e0000000,0x00000000e56ded60,0x00000000e8900000)
 Metaspace       used 23300K, capacity 23675K, committed 23936K, reserved 1071104K
  class space    used 2280K, capacity 2389K, committed 2432K, reserved 1048576K
}

