# JRE version: Java(TM) SE Runtime Environment (8.0_151-b12) (build 1.8.0_151-b12)
# Java VM: Java HotSpot(TM) 64-Bit Server VM (25.151-b12 mixed mode windows-amd64 compressed oops)
Heap:
 PSYoungGen      total 85504K, used 63806K [0x00000000f5580000, 0x00000000fbd80000, 0x0000000100000000)
  eden space 67584K, 86% used [0x00000000f5580000,0x00000000f8eb3b90,0x00000000f9780000)
  from space 17920K, 29% used [0x00000000fac00000,0x00000000fb11c010,0x00000000fbd80000)
  to   space 19456K, 0% used [0x00000000f9780000,0x00000000f9780000,0x00000000faa80000)
 ParOldGen       total 98816K, used 69238K [0x00000000e0000000, 0x00000000e6080000, 0x00000000f5580000)
  object space 98816K, 70% used [0x00000000e0000000,0x00000000e439db88,0x00000000e6080000)
 Metaspace       used 23285K, capacity 23611K, committed 23936K, reserved 1071104K
  class space    used 2281K, capacity 2389K, committed 2432K, reserved 1048576K
GC Heap History (10 events):
Event: 52.251 GC heap before
{Heap before GC invocations=32 (full 3):
 PSYoungGen      total 67584K, used 58288K [0x00000000f5580000, 0x00000000fad80000, 0x0000000100000000)
  eden space 46080K, 100% used [0x00000000f5580000,0x00000000f8280000,0x00000000f8280000)
  from space 21504K, 56% used [0x00000000f9880000,0x00000000fa46c1c0,0x00000000fad80000)
  to   space 22016K, 0% used [0x00000000f8280000,0x00000000f8280000,0x00000000f9800000)
 ParOldGen       total 66048K, used 45392K [0x00000000e0000000, 0x00000000e4080000, 0x00000000f5580000)
  object space 66048K, 68% used [0x00000000e0000000,0x00000000e2c54160,0x00000000e4080000)
 Metaspace       used 23226K, capacity 23611K, committed 23936K, reserved 1071104K
  class space    used 2281K, capacity 2389K, committed 2432K, reserved 1048576K
Event: 52.325 GC heap after
Heap after GC invocations=32 (full 3):
 PSYoungGen      total 68096K, used 8149K [0x00000000f5580000, 0x00000000fb600000, 0x0000000100000000)
  eden space 46080K, 0% used [0x00000000f5580000,0x00000000f5580000,0x00000000f8280000)
  from space 22016K, 37% used [0x00000000f8280000,0x00000000f8a75648,0x00000000f9800000)
  to   space 20992K, 0% used [0x00000000fa180000,0x00000000fa180000,0x00000000fb600000)
 ParOldGen       total 66048K, used 53951K [0x00000000e0000000, 0x00000000e4080000, 0x00000000f5580000)
  object space 66048K, 81% used [0x00000000e0000000,0x00000000e34aff60,0x00000000e4080000)
 Metaspace       used 23226K, capacity 23611K, committed 23936K, reserved 1071104K
  class space    used 2281K, capacity 2389K, committed 2432K, reserved 1048576K
}
Event: 56.973 GC heap before
{Heap before GC invocations=33 (full 3):
 PSYoungGen      total 68096K, used 54229K [0x00000000f5580000, 0x00000000fb600000, 0x0000000100000000)
  eden space 46080K, 100% used [0x00000000f5580000,0x00000000f8280000,0x00000000f8280000)
  from space 22016K, 37% used [0x00000000f8280000,0x00000000f8a75648,0x00000000f9800000)
  to   space 20992K, 0% used [0x00000000fa180000,0x00000000fa180000,0x00000000fb600000)
 ParOldGen       total 66048K, used 53951K [0x00000000e0000000, 0x00000000e4080000, 0x00000000f5580000)
  object space 66048K, 81% used [0x00000000e0000000,0x00000000e34aff60,0x00000000e4080000)
 Metaspace       used 23237K, capacity 23611K, committed 23936K, reserved 1071104K
  class space    used 2281K, capacity 2389K, committed 2432K, reserved 1048576K
Event: 57.051 GC heap after
Heap after GC invocations=33 (full 3):
 PSYoungGen      total 76800K, used 4309K [0x00000000f5580000, 0x00000000fb580000, 0x0000000100000000)
  eden space 56320K, 0% used [0x00000000f5580000,0x00000000f5580000,0x00000000f8c80000)
  from space 20480K, 21% used [0x00000000fa180000,0x00000000fa5b55d8,0x00000000fb580000)
  to   space 20992K, 0% used [0x00000000f8c80000,0x00000000f8c80000,0x00000000fa100000)
 ParOldGen       total 66048K, used 61427K [0x00000000e0000000, 0x00000000e4080000, 0x00000000f5580000)
  object space 66048K, 93% used [0x00000000e0000000,0x00000000e3bfce00,0x00000000e4080000)
 Metaspace       used 23237K, capacity 23611K, committed 23936K, reserved 1071104K
  class space    used 2281K, capacity 2389K, committed 2432K, reserved 1048576K
}
Event: 57.051 GC heap before
{Heap before GC invocations=34 (full 4):
 PSYoungGen      total 76800K, used 4309K [0x00000000f5580000, 0x00000000fb580000, 0x0000000100000000)
  eden space 56320K, 0% used [0x00000000f5580000,0x00000000f5580000,0x00000000f8c80000)
  from space 20480K, 21% used [0x00000000fa180000,0x00000000fa5b55d8,0x00000000fb580000)
  to   space 20992K, 0% used [0x00000000f8c80000,0x00000000f8c80000,0x00000000fa100000)
 ParOldGen       total 66048K, used 61427K [0x00000000e0000000, 0x00000000e4080000, 0x00000000f5580000)
  object space 66048K, 93% used [0x00000000e0000000,0x00000000e3bfce00,0x00000000e4080000)
 Metaspace       used 23237K, capacity 23611K, committed 23936K, reserved 1071104K
  class space    used 2281K, capacity 2389K, committed 2432K, reserved 1048576K
Event: 57.169 GC heap after
Heap after GC invocations=34 (full 4):
 PSYoungGen      total 76800K, used 0K [0x00000000f5580000, 0x00000000fb580000, 0x0000000100000000)
  eden space 56320K, 0% used [0x00000000f5580000,0x00000000f5580000,0x00000000f8c80000)
  from space 20480K, 0% used [0x00000000fa180000,0x00000000fa180000,0x00000000fb580000)
  to   space 20992K, 0% used [0x00000000f8c80000,0x00000000f8c80000,0x00000000fa100000)
 ParOldGen       total 98816K, used 64667K [0x00000000e0000000, 0x00000000e6080000, 0x00000000f5580000)
  object space 98816K, 65% used [0x00000000e0000000,0x00000000e3f26fd8,0x00000000e6080000)
 Metaspace       used 23237K, capacity 23611K, committed 23936K, reserved 1071104K
  class space    used 2281K, capacity 2389K, committed 2432K, reserved 1048576K
}
Event: 62.709 GC heap before
{Heap before GC invocations=35 (full 4):
 PSYoungGen      total 76800K, used 56320K [0x00000000f5580000, 0x00000000fb580000, 0x0000000100000000)
  eden space 56320K, 100% used [0x00000000f5580000,0x00000000f8c80000,0x00000000f8c80000)
  from space 20480K, 0% used [0x00000000fa180000,0x00000000fa180000,0x00000000fb580000)
  to   space 20992K, 0% used [0x00000000f8c80000,0x00000000f8c80000,0x00000000fa100000)
 ParOldGen       total 98816K, used 64667K [0x00000000e0000000, 0x00000000e6080000, 0x00000000f5580000)
  object space 98816K, 65% used [0x00000000e0000000,0x00000000e3f26fd8,0x00000000e6080000)
 Metaspace       used 23237K, capacity 23611K, committed 23936K, reserved 1071104K
  class space    used 2281K, capacity 2389K, committed 2432K, reserved 1048576K
Event: 62.716 GC heap after
Heap after GC invocations=35 (full 4):
 PSYoungGen      total 77312K, used 5237K [0x00000000f5580000, 0x00000000fc000000, 0x0000000100000000)
  eden space 56320K, 0% used [0x00000000f5580000,0x00000000f5580000,0x00000000f8c80000)
  from space 20992K, 24% used [0x00000000f8c80000,0x00000000f919d5d8,0x00000000fa100000)
  to   space 20480K, 0% used [0x00000000fac00000,0x00000000fac00000,0x00000000fc000000)
 ParOldGen       total 98816K, used 64667K [0x00000000e0000000, 0x00000000e6080000, 0x00000000f5580000)
  object space 98816K, 65% used [0x00000000e0000000,0x00000000e3f26fd8,0x00000000e6080000)
 Metaspace       used 23237K, capacity 23611K, committed 23936K, reserved 1071104K
  class space    used 2281K, capacity 2389K, committed 2432K, reserved 1048576K
}
Event: 70.436 GC heap before
{Heap before GC invocations=36 (full 4):
 PSYoungGen      total 77312K, used 61557K [0x00000000f5580000, 0x00000000fc000000, 0x0000000100000000)
  eden space 56320K, 100% used [0x00000000f5580000,0x00000000f8c80000,0x00000000f8c80000)
  from space 20992K, 24% used [0x00000000f8c80000,0x00000000f919d5d8,0x00000000fa100000)
  to   space 20480K, 0% used [0x00000000fac00000,0x00000000fac00000,0x00000000fc000000)
 ParOldGen       total 98816K, used 64667K [0x00000000e0000000, 0x00000000e6080000, 0x00000000f5580000)
  object space 98816K, 65% used [0x00000000e0000000,0x00000000e3f26fd8,0x00000000e6080000)
 Metaspace       used 23239K, capacity 23611K, committed 23936K, reserved 1071104K
  class space    used 2281K, capacity 2389K, committed 2432K, reserved 1048576K
Event: 70.533 GC heap after
Heap after GC invocations=36 (full 4):
 PSYoungGen      total 85504K, used 5232K [0x00000000f5580000, 0x00000000fbd80000, 0x0000000100000000)
  eden space 67584K, 0% used [0x00000000f5580000,0x00000000f5580000,0x00000000f9780000)
  from space 17920K, 29% used [0x00000000fac00000,0x00000000fb11c010,0x00000000fbd80000)
  to   space 19456K, 0% used [0x00000000f9780000,0x00000000f9780000,0x00000000faa80000)
 ParOldGen       total 98816K, used 69238K [0x00000000e0000000, 0x00000000e6080000, 0x00000000f5580000)
  object space 98816K, 70% used [0x00000000e0000000,0x00000000e439db88,0x00000000e6080000)
 Metaspace       used 23239K, capacity 23611K, committed 23936K, reserved 1071104K
  class space    used 2281K, capacity 2389K, committed 2432K, reserved 1048576K
}

