# JRE version: Java(TM) SE Runtime Environment (8.0_151-b12) (build 1.8.0_151-b12)
# Java VM: Java HotSpot(TM) 64-Bit Server VM (25.151-b12 mixed mode windows-amd64 compressed oops)
Heap:
 PSYoungGen      total 111616K, used 29579K [0x00000000f5580000, 0x00000000fe500000, 0x0000000100000000)
  eden space 94208K, 22% used [0x00000000f5580000,0x00000000f6a32e40,0x00000000fb180000)
  from space 17408K, 48% used [0x00000000fb180000,0x00000000fb9b0010,0x00000000fc280000)
  to   space 16896K, 0% used [0x00000000fd480000,0x00000000fd480000,0x00000000fe500000)
 ParOldGen       total 130048K, used 103964K [0x00000000e0000000, 0x00000000e7f00000, 0x00000000f5580000)
  object space 130048K, 79% used [0x00000000e0000000,0x00000000e65873a8,0x00000000e7f00000)
 Metaspace       used 23484K, capacity 23803K, committed 23936K, reserved 1071104K
  class space    used 2284K, capacity 2389K, committed 2432K, reserved 1048576K
GC Heap History (10 events):
Event: 41.894 GC heap before
{Heap before GC invocations=27 (full 3):
 PSYoungGen      total 77824K, used 76955K [0x00000000f5580000, 0x00000000fc080000, 0x0000000100000000)
  eden space 66048K, 99% used [0x00000000f5580000,0x00000000f95e2d48,0x00000000f9600000)
  from space 11776K, 93% used [0x00000000f9600000,0x00000000fa0c4290,0x00000000fa180000)
  to   space 12800K, 0% used [0x00000000fb400000,0x00000000fb400000,0x00000000fc080000)
 ParOldGen       total 84480K, used 67463K [0x00000000e0000000, 0x00000000e5280000, 0x00000000f5580000)
  object space 84480K, 79% used [0x00000000e0000000,0x00000000e41e1f20,0x00000000e5280000)
 Metaspace       used 23381K, capacity 23675K, committed 23936K, reserved 1071104K
  class space    used 2282K, capacity 2389K, committed 2432K, reserved 1048576K
Event: 42.082 GC heap after
Heap after GC invocations=27 (full 3):
 PSYoungGen      total 90624K, used 12768K [0x00000000f5580000, 0x00000000fce80000, 0x0000000100000000)
  eden space 77824K, 0% used [0x00000000f5580000,0x00000000f5580000,0x00000000fa180000)
  from space 12800K, 99% used [0x00000000fb400000,0x00000000fc0782c0,0x00000000fc080000)
  to   space 18944K, 0% used [0x00000000fa180000,0x00000000fa180000,0x00000000fb400000)
 ParOldGen       total 84480K, used 78185K [0x00000000e0000000, 0x00000000e5280000, 0x00000000f5580000)
  object space 84480K, 92% used [0x00000000e0000000,0x00000000e4c5a6a0,0x00000000e5280000)
 Metaspace       used 23381K, capacity 23675K, committed 23936K, reserved 1071104K
  class space    used 2282K, capacity 2389K, committed 2432K, reserved 1048576K
}
Event: 42.082 GC heap before
{Heap before GC invocations=28 (full 4):
 PSYoungGen      total 90624K, used 12768K [0x00000000f5580000, 0x00000000fce80000, 0x0000000100000000)
  eden space 77824K, 0% used [0x00000000f5580000,0x00000000f5580000,0x00000000fa180000)
  from space 12800K, 99% used [0x00000000fb400000,0x00000000fc0782c0,0x00000000fc080000)
  to   space 18944K, 0% used [0x00000000fa180000,0x00000000fa180000,0x00000000fb400000)
 ParOldGen       total 84480K, used 78185K [0x00000000e0000000, 0x00000000e5280000, 0x00000000f5580000)
  object space 84480K, 92% used [0x00000000e0000000,0x00000000e4c5a6a0,0x00000000e5280000)
 Metaspace       used 23381K, capacity 23675K, committed 23936K, reserved 1071104K
  class space    used 2282K, capacity 2389K, committed 2432K, reserved 1048576K
Event: 42.236 GC heap after
Heap after GC invocations=28 (full 4):
 PSYoungGen      total 90624K, used 4483K [0x00000000f5580000, 0x00000000fce80000, 0x0000000100000000)
  eden space 77824K, 0% used [0x00000000f5580000,0x00000000f5580000,0x00000000fa180000)
  from space 12800K, 35% used [0x00000000fb400000,0x00000000fb860d60,0x00000000fc080000)
  to   space 18944K, 0% used [0x00000000fa180000,0x00000000fa180000,0x00000000fb400000)
 ParOldGen       total 130048K, used 84387K [0x00000000e0000000, 0x00000000e7f00000, 0x00000000f5580000)
  object space 130048K, 64% used [0x00000000e0000000,0x00000000e5268c48,0x00000000e7f00000)
 Metaspace       used 23381K, capacity 23675K, committed 23936K, reserved 1071104K
  class space    used 2282K, capacity 2389K, committed 2432K, reserved 1048576K
}
Event: 49.376 GC heap before
{Heap before GC invocations=29 (full 4):
 PSYoungGen      total 90624K, used 82307K [0x00000000f5580000, 0x00000000fce80000, 0x0000000100000000)
  eden space 77824K, 100% used [0x00000000f5580000,0x00000000fa180000,0x00000000fa180000)
  from space 12800K, 35% used [0x00000000fb400000,0x00000000fb860d60,0x00000000fc080000)
  to   space 18944K, 0% used [0x00000000fa180000,0x00000000fa180000,0x00000000fb400000)
 ParOldGen       total 130048K, used 84387K [0x00000000e0000000, 0x00000000e7f00000, 0x00000000f5580000)
  object space 130048K, 64% used [0x00000000e0000000,0x00000000e5268c48,0x00000000e7f00000)
 Metaspace       used 23470K, capacity 23803K, committed 23936K, reserved 1071104K
  class space    used 2284K, capacity 2389K, committed 2432K, reserved 1048576K
Event: 49.457 GC heap after
Heap after GC invocations=29 (full 4):
 PSYoungGen      total 96768K, used 9808K [0x00000000f5580000, 0x00000000fd600000, 0x0000000100000000)
  eden space 77824K, 0% used [0x00000000f5580000,0x00000000f5580000,0x00000000fa180000)
  from space 18944K, 51% used [0x00000000fa180000,0x00000000fab14110,0x00000000fb400000)
  to   space 18432K, 0% used [0x00000000fc400000,0x00000000fc400000,0x00000000fd600000)
 ParOldGen       total 130048K, used 88803K [0x00000000e0000000, 0x00000000e7f00000, 0x00000000f5580000)
  object space 130048K, 68% used [0x00000000e0000000,0x00000000e56b8d88,0x00000000e7f00000)
 Metaspace       used 23470K, capacity 23803K, committed 23936K, reserved 1071104K
  class space    used 2284K, capacity 2389K, committed 2432K, reserved 1048576K
}
Event: 57.432 GC heap before
{Heap before GC invocations=30 (full 4):
 PSYoungGen      total 96768K, used 87632K [0x00000000f5580000, 0x00000000fd600000, 0x0000000100000000)
  eden space 77824K, 100% used [0x00000000f5580000,0x00000000fa180000,0x00000000fa180000)
  from space 18944K, 51% used [0x00000000fa180000,0x00000000fab14110,0x00000000fb400000)
  to   space 18432K, 0% used [0x00000000fc400000,0x00000000fc400000,0x00000000fd600000)
 ParOldGen       total 130048K, used 88803K [0x00000000e0000000, 0x00000000e7f00000, 0x00000000f5580000)
  object space 130048K, 68% used [0x00000000e0000000,0x00000000e56b8d88,0x00000000e7f00000)
 Metaspace       used 23483K, capacity 23803K, committed 23936K, reserved 1071104K
  class space    used 2284K, capacity 2389K, committed 2432K, reserved 1048576K
Event: 57.549 GC heap after
Heap after GC invocations=30 (full 4):
 PSYoungGen      total 110080K, used 6944K [0x00000000f5580000, 0x00000000fd380000, 0x0000000100000000)
  eden space 94208K, 0% used [0x00000000f5580000,0x00000000f5580000,0x00000000fb180000)
  from space 15872K, 43% used [0x00000000fc400000,0x00000000fcac8010,0x00000000fd380000)
  to   space 17408K, 0% used [0x00000000fb180000,0x00000000fb180000,0x00000000fc280000)
 ParOldGen       total 130048K, used 97791K [0x00000000e0000000, 0x00000000e7f00000, 0x00000000f5580000)
  object space 130048K, 75% used [0x00000000e0000000,0x00000000e5f7fd78,0x00000000e7f00000)
 Metaspace       used 23483K, capacity 23803K, committed 23936K, reserved 1071104K
  class space    used 2284K, capacity 2389K, committed 2432K, reserved 1048576K
}
Event: 68.135 GC heap before
{Heap before GC invocations=31 (full 4):
 PSYoungGen      total 110080K, used 101152K [0x00000000f5580000, 0x00000000fd380000, 0x0000000100000000)
  eden space 94208K, 100% used [0x00000000f5580000,0x00000000fb180000,0x00000000fb180000)
  from space 15872K, 43% used [0x00000000fc400000,0x00000000fcac8010,0x00000000fd380000)
  to   space 17408K, 0% used [0x00000000fb180000,0x00000000fb180000,0x00000000fc280000)
 ParOldGen       total 130048K, used 97791K [0x00000000e0000000, 0x00000000e7f00000, 0x00000000f5580000)
  object space 130048K, 75% used [0x00000000e0000000,0x00000000e5f7fd78,0x00000000e7f00000)
 Metaspace       used 23484K, capacity 23803K, committed 23936K, reserved 1071104K
  class space    used 2284K, capacity 2389K, committed 2432K, reserved 1048576K
Event: 68.232 GC heap after
Heap after GC invocations=31 (full 4):
 PSYoungGen      total 111616K, used 8384K [0x00000000f5580000, 0x00000000fe500000, 0x0000000100000000)
  eden space 94208K, 0% used [0x00000000f5580000,0x00000000f5580000,0x00000000fb180000)
  from space 17408K, 48% used [0x00000000fb180000,0x00000000fb9b0010,0x00000000fc280000)
  to   space 16896K, 0% used [0x00000000fd480000,0x00000000fd480000,0x00000000fe500000)
 ParOldGen       total 130048K, used 103964K [0x00000000e0000000, 0x00000000e7f00000, 0x00000000f5580000)
  object space 130048K, 79% used [0x00000000e0000000,0x00000000e65873a8,0x00000000e7f00000)
 Metaspace       used 23484K, capacity 23803K, committed 23936K, reserved 1071104K
  class space    used 2284K, capacity 2389K, committed 2432K, reserved 1048576K
}

