# JRE version: Java(TM) SE Runtime Environment (8.0_151-b12) (build 1.8.0_151-b12)
# Java VM: Java HotSpot(TM) 64-Bit Server VM (25.151-b12 mixed mode windows-amd64 compressed oops)
Heap:
 PSYoungGen      total 50176K, used 44836K [0x00000000f5580000, 0x00000000f9800000, 0x0000000100000000)
  eden space 37888K, 87% used [0x00000000f5580000,0x00000000f75e9270,0x00000000f7a80000)
  from space 12288K, 94% used [0x00000000f8800000,0x00000000f9360000,0x00000000f9400000)
  to   space 13824K, 0% used [0x00000000f7a80000,0x00000000f7a80000,0x00000000f8800000)
 ParOldGen       total 52736K, used 39184K [0x00000000e0000000, 0x00000000e3380000, 0x00000000f5580000)
  object space 52736K, 74% used [0x00000000e0000000,0x00000000e2644320,0x00000000e3380000)
 Metaspace       used 23190K, capacity 23483K, committed 23680K, reserved 1071104K
  class space    used 2280K, capacity 2389K, committed 2432K, reserved 1048576K
GC Heap History (10 events):
Event: 7.629 GC heap before
{Heap before GC invocations=10 (full 1):
 PSYoungGen      total 29696K, used 29165K [0x00000000f5580000, 0x00000000f7e00000, 0x0000000100000000)
  eden space 26624K, 99% used [0x00000000f5580000,0x00000000f6f59a78,0x00000000f6f80000)
  from space 3072K, 87% used [0x00000000f7b00000,0x00000000f7da1a60,0x00000000f7e00000)
  to   space 3584K, 0% used [0x00000000f7700000,0x00000000f7700000,0x00000000f7a80000)
 ParOldGen       total 22528K, used 12326K [0x00000000e0000000, 0x00000000e1600000, 0x00000000f5580000)
  object space 22528K, 54% used [0x00000000e0000000,0x00000000e0c09ae8,0x00000000e1600000)
 Metaspace       used 22192K, capacity 22567K, committed 22656K, reserved 1069056K
  class space    used 2278K, capacity 2387K, committed 2432K, reserved 1048576K
Event: 7.636 GC heap after
Heap after GC invocations=10 (full 1):
 PSYoungGen      total 37888K, used 3568K [0x00000000f5580000, 0x00000000f8100000, 0x0000000100000000)
  eden space 34304K, 0% used [0x00000000f5580000,0x00000000f5580000,0x00000000f7700000)
  from space 3584K, 99% used [0x00000000f7700000,0x00000000f7a7c100,0x00000000f7a80000)
  to   space 4608K, 0% used [0x00000000f7c80000,0x00000000f7c80000,0x00000000f8100000)
 ParOldGen       total 22528K, used 14854K [0x00000000e0000000, 0x00000000e1600000, 0x00000000f5580000)
  object space 22528K, 65% used [0x00000000e0000000,0x00000000e0e81a28,0x00000000e1600000)
 Metaspace       used 22192K, capacity 22567K, committed 22656K, reserved 1069056K
  class space    used 2278K, capacity 2387K, committed 2432K, reserved 1048576K
}
Event: 19.102 GC heap before
{Heap before GC invocations=11 (full 1):
 PSYoungGen      total 37888K, used 37872K [0x00000000f5580000, 0x00000000f8100000, 0x0000000100000000)
  eden space 34304K, 100% used [0x00000000f5580000,0x00000000f7700000,0x00000000f7700000)
  from space 3584K, 99% used [0x00000000f7700000,0x00000000f7a7c100,0x00000000f7a80000)
  to   space 4608K, 0% used [0x00000000f7c80000,0x00000000f7c80000,0x00000000f8100000)
 ParOldGen       total 22528K, used 14854K [0x00000000e0000000, 0x00000000e1600000, 0x00000000f5580000)
  object space 22528K, 65% used [0x00000000e0000000,0x00000000e0e81a28,0x00000000e1600000)
 Metaspace       used 22765K, capacity 23099K, committed 23424K, reserved 1071104K
  class space    used 2280K, capacity 2389K, committed 2432K, reserved 1048576K
Event: 19.118 GC heap after
Heap after GC invocations=11 (full 1):
 PSYoungGen      total 35840K, used 4592K [0x00000000f5580000, 0x00000000f9180000, 0x0000000100000000)
  eden space 31232K, 0% used [0x00000000f5580000,0x00000000f5580000,0x00000000f7400000)
  from space 4608K, 99% used [0x00000000f7c80000,0x00000000f80fc0d0,0x00000000f8100000)
  to   space 8704K, 0% used [0x00000000f7400000,0x00000000f7400000,0x00000000f7c80000)
 ParOldGen       total 25600K, used 24693K [0x00000000e0000000, 0x00000000e1900000, 0x00000000f5580000)
  object space 25600K, 96% used [0x00000000e0000000,0x00000000e181d748,0x00000000e1900000)
 Metaspace       used 22765K, capacity 23099K, committed 23424K, reserved 1071104K
  class space    used 2280K, capacity 2389K, committed 2432K, reserved 1048576K
}
Event: 19.118 GC heap before
{Heap before GC invocations=12 (full 2):
 PSYoungGen      total 35840K, used 4592K [0x00000000f5580000, 0x00000000f9180000, 0x0000000100000000)
  eden space 31232K, 0% used [0x00000000f5580000,0x00000000f5580000,0x00000000f7400000)
  from space 4608K, 99% used [0x00000000f7c80000,0x00000000f80fc0d0,0x00000000f8100000)
  to   space 8704K, 0% used [0x00000000f7400000,0x00000000f7400000,0x00000000f7c80000)
 ParOldGen       total 25600K, used 24693K [0x00000000e0000000, 0x00000000e1900000, 0x00000000f5580000)
  object space 25600K, 96% used [0x00000000e0000000,0x00000000e181d748,0x00000000e1900000)
 Metaspace       used 22765K, capacity 23099K, committed 23424K, reserved 1071104K
  class space    used 2280K, capacity 2389K, committed 2432K, reserved 1048576K
Event: 19.243 GC heap after
Heap after GC invocations=12 (full 2):
 PSYoungGen      total 35840K, used 3001K [0x00000000f5580000, 0x00000000f9180000, 0x0000000100000000)
  eden space 31232K, 0% used [0x00000000f5580000,0x00000000f5580000,0x00000000f7400000)
  from space 4608K, 65% used [0x00000000f7c80000,0x00000000f7f6e750,0x00000000f8100000)
  to   space 8704K, 0% used [0x00000000f7400000,0x00000000f7400000,0x00000000f7c80000)
 ParOldGen       total 52736K, used 25176K [0x00000000e0000000, 0x00000000e3380000, 0x00000000f5580000)
  object space 52736K, 47% used [0x00000000e0000000,0x00000000e1896060,0x00000000e3380000)
 Metaspace       used 22765K, capacity 23099K, committed 23424K, reserved 1071104K
  class space    used 2280K, capacity 2389K, committed 2432K, reserved 1048576K
}
Event: 30.504 GC heap before
{Heap before GC invocations=13 (full 2):
 PSYoungGen      total 35840K, used 34233K [0x00000000f5580000, 0x00000000f9180000, 0x0000000100000000)
  eden space 31232K, 100% used [0x00000000f5580000,0x00000000f7400000,0x00000000f7400000)
  from space 4608K, 65% used [0x00000000f7c80000,0x00000000f7f6e750,0x00000000f8100000)
  to   space 8704K, 0% used [0x00000000f7400000,0x00000000f7400000,0x00000000f7c80000)
 ParOldGen       total 52736K, used 25176K [0x00000000e0000000, 0x00000000e3380000, 0x00000000f5580000)
  object space 52736K, 47% used [0x00000000e0000000,0x00000000e1896060,0x00000000e3380000)
 Metaspace       used 23088K, capacity 23483K, committed 23680K, reserved 1071104K
  class space    used 2280K, capacity 2389K, committed 2432K, reserved 1048576K
Event: 30.525 GC heap after
Heap after GC invocations=13 (full 2):
 PSYoungGen      total 39936K, used 8704K [0x00000000f5580000, 0x00000000f9400000, 0x0000000100000000)
  eden space 31232K, 0% used [0x00000000f5580000,0x00000000f5580000,0x00000000f7400000)
  from space 8704K, 100% used [0x00000000f7400000,0x00000000f7c80000,0x00000000f7c80000)
  to   space 12288K, 0% used [0x00000000f8800000,0x00000000f8800000,0x00000000f9400000)
 ParOldGen       total 52736K, used 30713K [0x00000000e0000000, 0x00000000e3380000, 0x00000000f5580000)
  object space 52736K, 58% used [0x00000000e0000000,0x00000000e1dfe5e0,0x00000000e3380000)
 Metaspace       used 23088K, capacity 23483K, committed 23680K, reserved 1071104K
  class space    used 2280K, capacity 2389K, committed 2432K, reserved 1048576K
}
Event: 43.380 GC heap before
{Heap before GC invocations=14 (full 2):
 PSYoungGen      total 39936K, used 39936K [0x00000000f5580000, 0x00000000f9400000, 0x0000000100000000)
  eden space 31232K, 100% used [0x00000000f5580000,0x00000000f7400000,0x00000000f7400000)
  from space 8704K, 100% used [0x00000000f7400000,0x00000000f7c80000,0x00000000f7c80000)
  to   space 12288K, 0% used [0x00000000f8800000,0x00000000f8800000,0x00000000f9400000)
 ParOldGen       total 52736K, used 30713K [0x00000000e0000000, 0x00000000e3380000, 0x00000000f5580000)
  object space 52736K, 58% used [0x00000000e0000000,0x00000000e1dfe5e0,0x00000000e3380000)
 Metaspace       used 23183K, capacity 23483K, committed 23680K, reserved 1071104K
  class space    used 2280K, capacity 2389K, committed 2432K, reserved 1048576K
Event: 43.591 GC heap after
Heap after GC invocations=14 (full 2):
 PSYoungGen      total 50176K, used 11648K [0x00000000f5580000, 0x00000000f9800000, 0x0000000100000000)
  eden space 37888K, 0% used [0x00000000f5580000,0x00000000f5580000,0x00000000f7a80000)
  from space 12288K, 94% used [0x00000000f8800000,0x00000000f9360000,0x00000000f9400000)
  to   space 13824K, 0% used [0x00000000f7a80000,0x00000000f7a80000,0x00000000f8800000)
 ParOldGen       total 52736K, used 39184K [0x00000000e0000000, 0x00000000e3380000, 0x00000000f5580000)
  object space 52736K, 74% used [0x00000000e0000000,0x00000000e2644320,0x00000000e3380000)
 Metaspace       used 23183K, capacity 23483K, committed 23680K, reserved 1071104K
  class space    used 2280K, capacity 2389K, committed 2432K, reserved 1048576K
}

