# JRE version: Java(TM) SE Runtime Environment (8.0_151-b12) (build 1.8.0_151-b12)
# Java VM: Java HotSpot(TM) 64-Bit Server VM (25.151-b12 mixed mode windows-amd64 compressed oops)
Heap:
 PSYoungGen      total 67072K, used 21158K [0x00000000f5580000, 0x00000000fc180000, 0x0000000100000000)
  eden space 52224K, 39% used [0x00000000f5580000,0x00000000f69bad98,0x00000000f8880000)
  from space 14848K, 2% used [0x00000000f8880000,0x00000000f88eec38,0x00000000f9700000)
  to   space 21504K, 0% used [0x00000000fac80000,0x00000000fac80000,0x00000000fc180000)
 ParOldGen       total 119296K, used 80543K [0x00000000e0000000, 0x00000000e7480000, 0x00000000f5580000)
  object space 119296K, 67% used [0x00000000e0000000,0x00000000e4ea7cd0,0x00000000e7480000)
 Metaspace       used 23316K, capacity 23675K, committed 23936K, reserved 1071104K
  class space    used 2280K, capacity 2389K, committed 2432K, reserved 1048576K
GC Heap History (10 events):
Event: 35.074 GC heap before
{Heap before GC invocations=17 (full 2):
 PSYoungGen      total 48640K, used 43752K [0x00000000f5580000, 0x00000000f9700000, 0x0000000100000000)
  eden space 35840K, 99% used [0x00000000f5580000,0x00000000f7862108,0x00000000f7880000)
  from space 12800K, 62% used [0x00000000f8580000,0x00000000f8d581d0,0x00000000f9200000)
  to   space 13312K, 0% used [0x00000000f7880000,0x00000000f7880000,0x00000000f8580000)
 ParOldGen       total 49152K, used 40356K [0x00000000e0000000, 0x00000000e3000000, 0x00000000f5580000)
  object space 49152K, 82% used [0x00000000e0000000,0x00000000e2769028,0x00000000e3000000)
 Metaspace       used 23158K, capacity 23547K, committed 23680K, reserved 1071104K
  class space    used 2280K, capacity 2389K, committed 2432K, reserved 1048576K
Event: 35.182 GC heap after
Heap after GC invocations=17 (full 2):
 PSYoungGen      total 49152K, used 10304K [0x00000000f5580000, 0x00000000fa500000, 0x0000000100000000)
  eden space 35840K, 0% used [0x00000000f5580000,0x00000000f5580000,0x00000000f7880000)
  from space 13312K, 77% used [0x00000000f7880000,0x00000000f82901b0,0x00000000f8580000)
  to   space 14336K, 0% used [0x00000000f9700000,0x00000000f9700000,0x00000000fa500000)
 ParOldGen       total 49152K, used 47422K [0x00000000e0000000, 0x00000000e3000000, 0x00000000f5580000)
  object space 49152K, 96% used [0x00000000e0000000,0x00000000e2e4fb58,0x00000000e3000000)
 Metaspace       used 23158K, capacity 23547K, committed 23680K, reserved 1071104K
  class space    used 2280K, capacity 2389K, committed 2432K, reserved 1048576K
}
Event: 35.182 GC heap before
{Heap before GC invocations=18 (full 3):
 PSYoungGen      total 49152K, used 10304K [0x00000000f5580000, 0x00000000fa500000, 0x0000000100000000)
  eden space 35840K, 0% used [0x00000000f5580000,0x00000000f5580000,0x00000000f7880000)
  from space 13312K, 77% used [0x00000000f7880000,0x00000000f82901b0,0x00000000f8580000)
  to   space 14336K, 0% used [0x00000000f9700000,0x00000000f9700000,0x00000000fa500000)
 ParOldGen       total 49152K, used 47422K [0x00000000e0000000, 0x00000000e3000000, 0x00000000f5580000)
  object space 49152K, 96% used [0x00000000e0000000,0x00000000e2e4fb58,0x00000000e3000000)
 Metaspace       used 23158K, capacity 23547K, committed 23680K, reserved 1071104K
  class space    used 2280K, capacity 2389K, committed 2432K, reserved 1048576K
Event: 35.336 GC heap after
Heap after GC invocations=18 (full 3):
 PSYoungGen      total 49152K, used 7927K [0x00000000f5580000, 0x00000000fa500000, 0x0000000100000000)
  eden space 35840K, 0% used [0x00000000f5580000,0x00000000f5580000,0x00000000f7880000)
  from space 13312K, 59% used [0x00000000f7880000,0x00000000f803de00,0x00000000f8580000)
  to   space 14336K, 0% used [0x00000000f9700000,0x00000000f9700000,0x00000000fa500000)
 ParOldGen       total 80896K, used 48912K [0x00000000e0000000, 0x00000000e4f00000, 0x00000000f5580000)
  object space 80896K, 60% used [0x00000000e0000000,0x00000000e2fc4368,0x00000000e4f00000)
 Metaspace       used 23158K, capacity 23547K, committed 23680K, reserved 1071104K
  class space    used 2280K, capacity 2389K, committed 2432K, reserved 1048576K
}
Event: 41.055 GC heap before
{Heap before GC invocations=19 (full 3):
 PSYoungGen      total 49152K, used 43767K [0x00000000f5580000, 0x00000000fa500000, 0x0000000100000000)
  eden space 35840K, 100% used [0x00000000f5580000,0x00000000f7880000,0x00000000f7880000)
  from space 13312K, 59% used [0x00000000f7880000,0x00000000f803de00,0x00000000f8580000)
  to   space 14336K, 0% used [0x00000000f9700000,0x00000000f9700000,0x00000000fa500000)
 ParOldGen       total 80896K, used 48912K [0x00000000e0000000, 0x00000000e4f00000, 0x00000000f5580000)
  object space 80896K, 60% used [0x00000000e0000000,0x00000000e2fc4368,0x00000000e4f00000)
 Metaspace       used 23272K, capacity 23611K, committed 23936K, reserved 1071104K
  class space    used 2280K, capacity 2389K, committed 2432K, reserved 1048576K
Event: 41.139 GC heap after
Heap after GC invocations=19 (full 3):
 PSYoungGen      total 66560K, used 10496K [0x00000000f5580000, 0x00000000fa600000, 0x0000000100000000)
  eden space 52224K, 0% used [0x00000000f5580000,0x00000000f5580000,0x00000000f8880000)
  from space 14336K, 73% used [0x00000000f9700000,0x00000000fa140140,0x00000000fa500000)
  to   space 14848K, 0% used [0x00000000f8880000,0x00000000f8880000,0x00000000f9700000)
 ParOldGen       total 80896K, used 56871K [0x00000000e0000000, 0x00000000e4f00000, 0x00000000f5580000)
  object space 80896K, 70% used [0x00000000e0000000,0x00000000e3789c58,0x00000000e4f00000)
 Metaspace       used 23272K, capacity 23611K, committed 23936K, reserved 1071104K
  class space    used 2280K, capacity 2389K, committed 2432K, reserved 1048576K
}
Event: 59.613 GC heap before
{Heap before GC invocations=20 (full 3):
 PSYoungGen      total 66560K, used 62720K [0x00000000f5580000, 0x00000000fa600000, 0x0000000100000000)
  eden space 52224K, 100% used [0x00000000f5580000,0x00000000f8880000,0x00000000f8880000)
  from space 14336K, 73% used [0x00000000f9700000,0x00000000fa140140,0x00000000fa500000)
  to   space 14848K, 0% used [0x00000000f8880000,0x00000000f8880000,0x00000000f9700000)
 ParOldGen       total 80896K, used 56871K [0x00000000e0000000, 0x00000000e4f00000, 0x00000000f5580000)
  object space 80896K, 70% used [0x00000000e0000000,0x00000000e3789c58,0x00000000e4f00000)
 Metaspace       used 23300K, capacity 23611K, committed 23936K, reserved 1071104K
  class space    used 2280K, capacity 2389K, committed 2432K, reserved 1048576K
Event: 59.794 GC heap after
Heap after GC invocations=20 (full 3):
 PSYoungGen      total 67072K, used 14832K [0x00000000f5580000, 0x00000000fc180000, 0x0000000100000000)
  eden space 52224K, 0% used [0x00000000f5580000,0x00000000f5580000,0x00000000f8880000)
  from space 14848K, 99% used [0x00000000f8880000,0x00000000f96fc120,0x00000000f9700000)
  to   space 21504K, 0% used [0x00000000fac80000,0x00000000fac80000,0x00000000fc180000)
 ParOldGen       total 80896K, used 68494K [0x00000000e0000000, 0x00000000e4f00000, 0x00000000f5580000)
  object space 80896K, 84% used [0x00000000e0000000,0x00000000e42e3a48,0x00000000e4f00000)
 Metaspace       used 23300K, capacity 23611K, committed 23936K, reserved 1071104K
  class space    used 2280K, capacity 2389K, committed 2432K, reserved 1048576K
}
Event: 59.794 GC heap before
{Heap before GC invocations=21 (full 4):
 PSYoungGen      total 67072K, used 14832K [0x00000000f5580000, 0x00000000fc180000, 0x0000000100000000)
  eden space 52224K, 0% used [0x00000000f5580000,0x00000000f5580000,0x00000000f8880000)
  from space 14848K, 99% used [0x00000000f8880000,0x00000000f96fc120,0x00000000f9700000)
  to   space 21504K, 0% used [0x00000000fac80000,0x00000000fac80000,0x00000000fc180000)
 ParOldGen       total 80896K, used 68494K [0x00000000e0000000, 0x00000000e4f00000, 0x00000000f5580000)
  object space 80896K, 84% used [0x00000000e0000000,0x00000000e42e3a48,0x00000000e4f00000)
 Metaspace       used 23300K, capacity 23611K, committed 23936K, reserved 1071104K
  class space    used 2280K, capacity 2389K, committed 2432K, reserved 1048576K
Event: 59.984 GC heap after
Heap after GC invocations=21 (full 4):
 PSYoungGen      total 67072K, used 443K [0x00000000f5580000, 0x00000000fc180000, 0x0000000100000000)
  eden space 52224K, 0% used [0x00000000f5580000,0x00000000f5580000,0x00000000f8880000)
  from space 14848K, 2% used [0x00000000f8880000,0x00000000f88eec38,0x00000000f9700000)
  to   space 21504K, 0% used [0x00000000fac80000,0x00000000fac80000,0x00000000fc180000)
 ParOldGen       total 119296K, used 80543K [0x00000000e0000000, 0x00000000e7480000, 0x00000000f5580000)
  object space 119296K, 67% used [0x00000000e0000000,0x00000000e4ea7cd0,0x00000000e7480000)
 Metaspace       used 23300K, capacity 23611K, committed 23936K, reserved 1071104K
  class space    used 2280K, capacity 2389K, committed 2432K, reserved 1048576K
}

