# JRE version: Java(TM) SE Runtime Environment (8.0_151-b12) (build 1.8.0_151-b12)
# Java VM: Java HotSpot(TM) 64-Bit Server VM (25.151-b12 mixed mode windows-amd64 compressed oops)
Heap:
 PSYoungGen      total 93696K, used 90627K [0x00000000f5580000, 0x00000000fd700000, 0x0000000100000000)
  eden space 74752K, 95% used [0x00000000f5580000,0x00000000f9b80f18,0x00000000f9e80000)
  from space 18944K, 100% used [0x00000000f9e80000,0x00000000fb100000,0x00000000fb100000)
  to   space 22528K, 0% used [0x00000000fc100000,0x00000000fc100000,0x00000000fd700000)
 ParOldGen       total 49664K, used 44254K [0x00000000e0000000, 0x00000000e3080000, 0x00000000f5580000)
  object space 49664K, 89% used [0x00000000e0000000,0x00000000e2b37ad0,0x00000000e3080000)
 Metaspace       used 23230K, capacity 23541K, committed 23680K, reserved 1071104K
  class space    used 2285K, capacity 2388K, committed 2432K, reserved 1048576K
GC Heap History (10 events):
Event: 34.339 GC heap before
{Heap before GC invocations=17 (full 2):
 PSYoungGen      total 62976K, used 62656K [0x00000000f5580000, 0x00000000fa100000, 0x0000000100000000)
  eden space 53248K, 100% used [0x00000000f5580000,0x00000000f8980000,0x00000000f8980000)
  from space 9728K, 96% used [0x00000000f9480000,0x00000000f9db0000,0x00000000f9e00000)
  to   space 11264K, 0% used [0x00000000f8980000,0x00000000f8980000,0x00000000f9480000)
 ParOldGen       total 49664K, used 28205K [0x00000000e0000000, 0x00000000e3080000, 0x00000000f5580000)
  object space 49664K, 56% used [0x00000000e0000000,0x00000000e1b8b7c0,0x00000000e3080000)
 Metaspace       used 23175K, capacity 23477K, committed 23680K, reserved 1071104K
  class space    used 2285K, capacity 2388K, committed 2432K, reserved 1048576K
Event: 34.408 GC heap after
Heap after GC invocations=17 (full 2):
 PSYoungGen      total 64512K, used 11264K [0x00000000f5580000, 0x00000000fb000000, 0x0000000100000000)
  eden space 53248K, 0% used [0x00000000f5580000,0x00000000f5580000,0x00000000f8980000)
  from space 11264K, 100% used [0x00000000f8980000,0x00000000f9480000,0x00000000f9480000)
  to   space 13824K, 0% used [0x00000000fa280000,0x00000000fa280000,0x00000000fb000000)
 ParOldGen       total 49664K, used 30681K [0x00000000e0000000, 0x00000000e3080000, 0x00000000f5580000)
  object space 49664K, 61% used [0x00000000e0000000,0x00000000e1df64e0,0x00000000e3080000)
 Metaspace       used 23175K, capacity 23477K, committed 23680K, reserved 1071104K
  class space    used 2285K, capacity 2388K, committed 2432K, reserved 1048576K
}
Event: 39.826 GC heap before
{Heap before GC invocations=18 (full 2):
 PSYoungGen      total 64512K, used 64512K [0x00000000f5580000, 0x00000000fb000000, 0x0000000100000000)
  eden space 53248K, 100% used [0x00000000f5580000,0x00000000f8980000,0x00000000f8980000)
  from space 11264K, 100% used [0x00000000f8980000,0x00000000f9480000,0x00000000f9480000)
  to   space 13824K, 0% used [0x00000000fa280000,0x00000000fa280000,0x00000000fb000000)
 ParOldGen       total 49664K, used 30681K [0x00000000e0000000, 0x00000000e3080000, 0x00000000f5580000)
  object space 49664K, 61% used [0x00000000e0000000,0x00000000e1df64e0,0x00000000e3080000)
 Metaspace       used 23175K, capacity 23477K, committed 23680K, reserved 1071104K
  class space    used 2285K, capacity 2388K, committed 2432K, reserved 1048576K
Event: 39.992 GC heap after
Heap after GC invocations=18 (full 2):
 PSYoungGen      total 77824K, used 11264K [0x00000000f5580000, 0x00000000fb680000, 0x0000000100000000)
  eden space 64000K, 0% used [0x00000000f5580000,0x00000000f5580000,0x00000000f9400000)
  from space 13824K, 81% used [0x00000000fa280000,0x00000000fad80000,0x00000000fb000000)
  to   space 14848K, 0% used [0x00000000f9400000,0x00000000f9400000,0x00000000fa280000)
 ParOldGen       total 49664K, used 35430K [0x00000000e0000000, 0x00000000e3080000, 0x00000000f5580000)
  object space 49664K, 71% used [0x00000000e0000000,0x00000000e2299ba0,0x00000000e3080000)
 Metaspace       used 23175K, capacity 23477K, committed 23680K, reserved 1071104K
  class space    used 2285K, capacity 2388K, committed 2432K, reserved 1048576K
}
Event: 47.192 GC heap before
{Heap before GC invocations=19 (full 2):
 PSYoungGen      total 77824K, used 75264K [0x00000000f5580000, 0x00000000fb680000, 0x0000000100000000)
  eden space 64000K, 100% used [0x00000000f5580000,0x00000000f9400000,0x00000000f9400000)
  from space 13824K, 81% used [0x00000000fa280000,0x00000000fad80000,0x00000000fb000000)
  to   space 14848K, 0% used [0x00000000f9400000,0x00000000f9400000,0x00000000fa280000)
 ParOldGen       total 49664K, used 35430K [0x00000000e0000000, 0x00000000e3080000, 0x00000000f5580000)
  object space 49664K, 71% used [0x00000000e0000000,0x00000000e2299ba0,0x00000000e3080000)
 Metaspace       used 23221K, capacity 23541K, committed 23680K, reserved 1071104K
  class space    used 2285K, capacity 2388K, committed 2432K, reserved 1048576K
Event: 47.252 GC heap after
Heap after GC invocations=19 (full 2):
 PSYoungGen      total 78848K, used 13685K [0x00000000f5580000, 0x00000000fc180000, 0x0000000100000000)
  eden space 64000K, 0% used [0x00000000f5580000,0x00000000f5580000,0x00000000f9400000)
  from space 14848K, 92% used [0x00000000f9400000,0x00000000fa15d5d8,0x00000000fa280000)
  to   space 16896K, 0% used [0x00000000fb100000,0x00000000fb100000,0x00000000fc180000)
 ParOldGen       total 49664K, used 38296K [0x00000000e0000000, 0x00000000e3080000, 0x00000000f5580000)
  object space 49664K, 77% used [0x00000000e0000000,0x00000000e2566220,0x00000000e3080000)
 Metaspace       used 23221K, capacity 23541K, committed 23680K, reserved 1071104K
  class space    used 2285K, capacity 2388K, committed 2432K, reserved 1048576K
}
Event: 55.673 GC heap before
{Heap before GC invocations=20 (full 2):
 PSYoungGen      total 78848K, used 77685K [0x00000000f5580000, 0x00000000fc180000, 0x0000000100000000)
  eden space 64000K, 100% used [0x00000000f5580000,0x00000000f9400000,0x00000000f9400000)
  from space 14848K, 92% used [0x00000000f9400000,0x00000000fa15d5d8,0x00000000fa280000)
  to   space 16896K, 0% used [0x00000000fb100000,0x00000000fb100000,0x00000000fc180000)
 ParOldGen       total 49664K, used 38296K [0x00000000e0000000, 0x00000000e3080000, 0x00000000f5580000)
  object space 49664K, 77% used [0x00000000e0000000,0x00000000e2566220,0x00000000e3080000)
 Metaspace       used 23230K, capacity 23541K, committed 23680K, reserved 1071104K
  class space    used 2285K, capacity 2388K, committed 2432K, reserved 1048576K
Event: 55.711 GC heap after
Heap after GC invocations=20 (full 2):
 PSYoungGen      total 91648K, used 15477K [0x00000000f5580000, 0x00000000fc400000, 0x0000000100000000)
  eden space 74752K, 0% used [0x00000000f5580000,0x00000000f5580000,0x00000000f9e80000)
  from space 16896K, 91% used [0x00000000fb100000,0x00000000fc01d5d8,0x00000000fc180000)
  to   space 18944K, 0% used [0x00000000f9e80000,0x00000000f9e80000,0x00000000fb100000)
 ParOldGen       total 49664K, used 41653K [0x00000000e0000000, 0x00000000e3080000, 0x00000000f5580000)
  object space 49664K, 83% used [0x00000000e0000000,0x00000000e28ad5d0,0x00000000e3080000)
 Metaspace       used 23230K, capacity 23541K, committed 23680K, reserved 1071104K
  class space    used 2285K, capacity 2388K, committed 2432K, reserved 1048576K
}
Event: 65.956 GC heap before
{Heap before GC invocations=21 (full 2):
 PSYoungGen      total 91648K, used 90229K [0x00000000f5580000, 0x00000000fc400000, 0x0000000100000000)
  eden space 74752K, 100% used [0x00000000f5580000,0x00000000f9e80000,0x00000000f9e80000)
  from space 16896K, 91% used [0x00000000fb100000,0x00000000fc01d5d8,0x00000000fc180000)
  to   space 18944K, 0% used [0x00000000f9e80000,0x00000000f9e80000,0x00000000fb100000)
 ParOldGen       total 49664K, used 41653K [0x00000000e0000000, 0x00000000e3080000, 0x00000000f5580000)
  object space 49664K, 83% used [0x00000000e0000000,0x00000000e28ad5d0,0x00000000e3080000)
 Metaspace       used 23230K, capacity 23541K, committed 23680K, reserved 1071104K
  class space    used 2285K, capacity 2388K, committed 2432K, reserved 1048576K
Event: 66.033 GC heap after
Heap after GC invocations=21 (full 2):
 PSYoungGen      total 93696K, used 18944K [0x00000000f5580000, 0x00000000fd700000, 0x0000000100000000)
  eden space 74752K, 0% used [0x00000000f5580000,0x00000000f5580000,0x00000000f9e80000)
  from space 18944K, 100% used [0x00000000f9e80000,0x00000000fb100000,0x00000000fb100000)
  to   space 22528K, 0% used [0x00000000fc100000,0x00000000fc100000,0x00000000fd700000)
 ParOldGen       total 49664K, used 44254K [0x00000000e0000000, 0x00000000e3080000, 0x00000000f5580000)
  object space 49664K, 89% used [0x00000000e0000000,0x00000000e2b37ad0,0x00000000e3080000)
 Metaspace       used 23230K, capacity 23541K, committed 23680K, reserved 1071104K
  class space    used 2285K, capacity 2388K, committed 2432K, reserved 1048576K
}

