# JRE version: Java(TM) SE Runtime Environment (8.0_151-b12) (build 1.8.0_151-b12)
# Java VM: Java HotSpot(TM) 64-Bit Server VM (25.151-b12 mixed mode windows-amd64 compressed oops)
Heap:
 PSYoungGen      total 133632K, used 122602K [0x00000000f5580000, 0x0000000100000000, 0x0000000100000000)
  eden space 116224K, 91% used [0x00000000f5580000,0x00000000fbdea678,0x00000000fc700000)
  from space 17408K, 90% used [0x00000000fc700000,0x00000000fd650290,0x00000000fd800000)
  to   space 19456K, 0% used [0x00000000fed00000,0x00000000fed00000,0x0000000100000000)
 ParOldGen       total 164352K, used 118762K [0x00000000e0000000, 0x00000000ea080000, 0x00000000f5580000)
  object space 164352K, 72% used [0x00000000e0000000,0x00000000e73fa828,0x00000000ea080000)
 Metaspace       used 23570K, capacity 23931K, committed 24192K, reserved 1071104K
  class space    used 2281K, capacity 2389K, committed 2432K, reserved 1048576K
GC Heap History (10 events):
Event: 44.817 GC heap before
{Heap before GC invocations=28 (full 4):
 PSYoungGen      total 90624K, used 87392K [0x00000000f5580000, 0x00000000fd000000, 0x0000000100000000)
  eden space 77824K, 100% used [0x00000000f5580000,0x00000000fa180000,0x00000000fa180000)
  from space 12800K, 74% used [0x00000000fa180000,0x00000000faad8110,0x00000000fae00000)
  to   space 13312K, 0% used [0x00000000fc300000,0x00000000fc300000,0x00000000fd000000)
 ParOldGen       total 116736K, used 77192K [0x00000000e0000000, 0x00000000e7200000, 0x00000000f5580000)
  object space 116736K, 66% used [0x00000000e0000000,0x00000000e4b623f8,0x00000000e7200000)
 Metaspace       used 23401K, capacity 23739K, committed 23936K, reserved 1071104K
  class space    used 2281K, capacity 2389K, committed 2432K, reserved 1048576K
Event: 45.000 GC heap after
Heap after GC invocations=28 (full 4):
 PSYoungGen      total 111104K, used 11205K [0x00000000f5580000, 0x00000000fd280000, 0x0000000100000000)
  eden space 97792K, 0% used [0x00000000f5580000,0x00000000f5580000,0x00000000fb500000)
  from space 13312K, 84% used [0x00000000fc300000,0x00000000fcdf17c8,0x00000000fd000000)
  to   space 14336K, 0% used [0x00000000fb500000,0x00000000fb500000,0x00000000fc300000)
 ParOldGen       total 116736K, used 84918K [0x00000000e0000000, 0x00000000e7200000, 0x00000000f5580000)
  object space 116736K, 72% used [0x00000000e0000000,0x00000000e52ed818,0x00000000e7200000)
 Metaspace       used 23401K, capacity 23739K, committed 23936K, reserved 1071104K
  class space    used 2281K, capacity 2389K, committed 2432K, reserved 1048576K
}
Event: 53.261 GC heap before
{Heap before GC invocations=29 (full 4):
 PSYoungGen      total 111104K, used 108997K [0x00000000f5580000, 0x00000000fd280000, 0x0000000100000000)
  eden space 97792K, 100% used [0x00000000f5580000,0x00000000fb500000,0x00000000fb500000)
  from space 13312K, 84% used [0x00000000fc300000,0x00000000fcdf17c8,0x00000000fd000000)
  to   space 14336K, 0% used [0x00000000fb500000,0x00000000fb500000,0x00000000fc300000)
 ParOldGen       total 116736K, used 84918K [0x00000000e0000000, 0x00000000e7200000, 0x00000000f5580000)
  object space 116736K, 72% used [0x00000000e0000000,0x00000000e52ed818,0x00000000e7200000)
 Metaspace       used 23482K, capacity 23803K, committed 23936K, reserved 1071104K
  class space    used 2281K, capacity 2389K, committed 2432K, reserved 1048576K
Event: 53.425 GC heap after
Heap after GC invocations=29 (full 4):
 PSYoungGen      total 112128K, used 12688K [0x00000000f5580000, 0x00000000fe780000, 0x0000000100000000)
  eden space 97792K, 0% used [0x00000000f5580000,0x00000000f5580000,0x00000000fb500000)
  from space 14336K, 88% used [0x00000000fb500000,0x00000000fc164200,0x00000000fc300000)
  to   space 15872K, 0% used [0x00000000fd800000,0x00000000fd800000,0x00000000fe780000)
 ParOldGen       total 116736K, used 95510K [0x00000000e0000000, 0x00000000e7200000, 0x00000000f5580000)
  object space 116736K, 81% used [0x00000000e0000000,0x00000000e5d45888,0x00000000e7200000)
 Metaspace       used 23482K, capacity 23803K, committed 23936K, reserved 1071104K
  class space    used 2281K, capacity 2389K, committed 2432K, reserved 1048576K
}
Event: 58.434 GC heap before
{Heap before GC invocations=30 (full 4):
 PSYoungGen      total 112128K, used 110480K [0x00000000f5580000, 0x00000000fe780000, 0x0000000100000000)
  eden space 97792K, 100% used [0x00000000f5580000,0x00000000fb500000,0x00000000fb500000)
  from space 14336K, 88% used [0x00000000fb500000,0x00000000fc164200,0x00000000fc300000)
  to   space 15872K, 0% used [0x00000000fd800000,0x00000000fd800000,0x00000000fe780000)
 ParOldGen       total 116736K, used 95510K [0x00000000e0000000, 0x00000000e7200000, 0x00000000f5580000)
  object space 116736K, 81% used [0x00000000e0000000,0x00000000e5d45888,0x00000000e7200000)
 Metaspace       used 23547K, capacity 23867K, committed 24192K, reserved 1071104K
  class space    used 2281K, capacity 2389K, committed 2432K, reserved 1048576K
Event: 58.637 GC heap after
Heap after GC invocations=30 (full 4):
 PSYoungGen      total 132096K, used 14112K [0x00000000f5580000, 0x00000000feb80000, 0x0000000100000000)
  eden space 116224K, 0% used [0x00000000f5580000,0x00000000f5580000,0x00000000fc700000)
  from space 15872K, 88% used [0x00000000fd800000,0x00000000fe5c82b0,0x00000000fe780000)
  to   space 17408K, 0% used [0x00000000fc700000,0x00000000fc700000,0x00000000fd800000)
 ParOldGen       total 116736K, used 106300K [0x00000000e0000000, 0x00000000e7200000, 0x00000000f5580000)
  object space 116736K, 91% used [0x00000000e0000000,0x00000000e67cf008,0x00000000e7200000)
 Metaspace       used 23547K, capacity 23867K, committed 24192K, reserved 1071104K
  class space    used 2281K, capacity 2389K, committed 2432K, reserved 1048576K
}
Event: 58.637 GC heap before
{Heap before GC invocations=31 (full 5):
 PSYoungGen      total 132096K, used 14112K [0x00000000f5580000, 0x00000000feb80000, 0x0000000100000000)
  eden space 116224K, 0% used [0x00000000f5580000,0x00000000f5580000,0x00000000fc700000)
  from space 15872K, 88% used [0x00000000fd800000,0x00000000fe5c82b0,0x00000000fe780000)
  to   space 17408K, 0% used [0x00000000fc700000,0x00000000fc700000,0x00000000fd800000)
 ParOldGen       total 116736K, used 106300K [0x00000000e0000000, 0x00000000e7200000, 0x00000000f5580000)
  object space 116736K, 91% used [0x00000000e0000000,0x00000000e67cf008,0x00000000e7200000)
 Metaspace       used 23547K, capacity 23867K, committed 24192K, reserved 1071104K
  class space    used 2281K, capacity 2389K, committed 2432K, reserved 1048576K
Event: 58.836 GC heap after
Heap after GC invocations=31 (full 5):
 PSYoungGen      total 132096K, used 2305K [0x00000000f5580000, 0x00000000feb80000, 0x0000000100000000)
  eden space 116224K, 0% used [0x00000000f5580000,0x00000000f5580000,0x00000000fc700000)
  from space 15872K, 14% used [0x00000000fd800000,0x00000000fda40668,0x00000000fe780000)
  to   space 17408K, 0% used [0x00000000fc700000,0x00000000fc700000,0x00000000fd800000)
 ParOldGen       total 164352K, used 116713K [0x00000000e0000000, 0x00000000ea080000, 0x00000000f5580000)
  object space 164352K, 71% used [0x00000000e0000000,0x00000000e71fa7a8,0x00000000ea080000)
 Metaspace       used 23547K, capacity 23867K, committed 24192K, reserved 1071104K
  class space    used 2281K, capacity 2389K, committed 2432K, reserved 1048576K
}
Event: 65.099 GC heap before
{Heap before GC invocations=32 (full 5):
 PSYoungGen      total 132096K, used 118529K [0x00000000f5580000, 0x00000000feb80000, 0x0000000100000000)
  eden space 116224K, 100% used [0x00000000f5580000,0x00000000fc700000,0x00000000fc700000)
  from space 15872K, 14% used [0x00000000fd800000,0x00000000fda40668,0x00000000fe780000)
  to   space 17408K, 0% used [0x00000000fc700000,0x00000000fc700000,0x00000000fd800000)
 ParOldGen       total 164352K, used 116713K [0x00000000e0000000, 0x00000000ea080000, 0x00000000f5580000)
  object space 164352K, 71% used [0x00000000e0000000,0x00000000e71fa7a8,0x00000000ea080000)
 Metaspace       used 23556K, capacity 23867K, committed 24192K, reserved 1071104K
  class space    used 2281K, capacity 2389K, committed 2432K, reserved 1048576K
Event: 65.185 GC heap after
Heap after GC invocations=32 (full 5):
 PSYoungGen      total 133632K, used 15680K [0x00000000f5580000, 0x0000000100000000, 0x0000000100000000)
  eden space 116224K, 0% used [0x00000000f5580000,0x00000000f5580000,0x00000000fc700000)
  from space 17408K, 90% used [0x00000000fc700000,0x00000000fd650290,0x00000000fd800000)
  to   space 19456K, 0% used [0x00000000fed00000,0x00000000fed00000,0x0000000100000000)
 ParOldGen       total 164352K, used 118762K [0x00000000e0000000, 0x00000000ea080000, 0x00000000f5580000)
  object space 164352K, 72% used [0x00000000e0000000,0x00000000e73fa828,0x00000000ea080000)
 Metaspace       used 23556K, capacity 23867K, committed 24192K, reserved 1071104K
  class space    used 2281K, capacity 2389K, committed 2432K, reserved 1048576K
}

