# JRE version: Java(TM) SE Runtime Environment (8.0_151-b12) (build 1.8.0_151-b12)
# Java VM: Java HotSpot(TM) 64-Bit Server VM (25.151-b12 mixed mode windows-amd64 compressed oops)
Heap:
 PSYoungGen      total 86016K, used 65557K [0x00000000f5580000, 0x00000000fbc80000, 0x0000000100000000)
  eden space 68096K, 86% used [0x00000000f5580000,0x00000000f8ef7630,0x00000000f9800000)
  from space 17920K, 37% used [0x00000000faa00000,0x00000000fb08dff8,0x00000000fbb80000)
  to   space 18432K, 0% used [0x00000000f9800000,0x00000000f9800000,0x00000000faa00000)
 ParOldGen       total 110080K, used 72672K [0x00000000e0000000, 0x00000000e6b80000, 0x00000000f5580000)
  object space 110080K, 66% used [0x00000000e0000000,0x00000000e46f8070,0x00000000e6b80000)
 Metaspace       used 23250K, capacity 23547K, committed 23680K, reserved 1071104K
  class space    used 2280K, capacity 2389K, committed 2432K, reserved 1048576K
GC Heap History (10 events):
Event: 36.516 GC heap before
{Heap before GC invocations=18 (full 3):
 PSYoungGen      total 48640K, used 35328K [0x00000000f5580000, 0x00000000f9700000, 0x0000000100000000)
  eden space 35328K, 100% used [0x00000000f5580000,0x00000000f7800000,0x00000000f7800000)
  from space 13312K, 0% used [0x00000000f8480000,0x00000000f8480000,0x00000000f9180000)
  to   space 12800K, 0% used [0x00000000f7800000,0x00000000f7800000,0x00000000f8480000)
 ParOldGen       total 73216K, used 42844K [0x00000000e0000000, 0x00000000e4780000, 0x00000000f5580000)
  object space 73216K, 58% used [0x00000000e0000000,0x00000000e29d73c8,0x00000000e4780000)
 Metaspace       used 23014K, capacity 23355K, committed 23680K, reserved 1071104K
  class space    used 2280K, capacity 2389K, committed 2432K, reserved 1048576K
Event: 36.522 GC heap after
Heap after GC invocations=18 (full 3):
 PSYoungGen      total 48128K, used 9376K [0x00000000f5580000, 0x00000000fa200000, 0x0000000100000000)
  eden space 35328K, 0% used [0x00000000f5580000,0x00000000f5580000,0x00000000f7800000)
  from space 12800K, 73% used [0x00000000f7800000,0x00000000f8128160,0x00000000f8480000)
  to   space 13312K, 0% used [0x00000000f9500000,0x00000000f9500000,0x00000000fa200000)
 ParOldGen       total 73216K, used 42852K [0x00000000e0000000, 0x00000000e4780000, 0x00000000f5580000)
  object space 73216K, 58% used [0x00000000e0000000,0x00000000e29d93c8,0x00000000e4780000)
 Metaspace       used 23014K, capacity 23355K, committed 23680K, reserved 1071104K
  class space    used 2280K, capacity 2389K, committed 2432K, reserved 1048576K
}
Event: 37.834 GC heap before
{Heap before GC invocations=19 (full 3):
 PSYoungGen      total 48128K, used 44704K [0x00000000f5580000, 0x00000000fa200000, 0x0000000100000000)
  eden space 35328K, 100% used [0x00000000f5580000,0x00000000f7800000,0x00000000f7800000)
  from space 12800K, 73% used [0x00000000f7800000,0x00000000f8128160,0x00000000f8480000)
  to   space 13312K, 0% used [0x00000000f9500000,0x00000000f9500000,0x00000000fa200000)
 ParOldGen       total 73216K, used 43397K [0x00000000e0000000, 0x00000000e4780000, 0x00000000f5580000)
  object space 73216K, 59% used [0x00000000e0000000,0x00000000e2a61688,0x00000000e4780000)
 Metaspace       used 23042K, capacity 23419K, committed 23680K, reserved 1071104K
  class space    used 2280K, capacity 2389K, committed 2432K, reserved 1048576K
Event: 37.983 GC heap after
Heap after GC invocations=19 (full 3):
 PSYoungGen      total 65024K, used 7584K [0x00000000f5580000, 0x00000000fa400000, 0x0000000100000000)
  eden space 51712K, 0% used [0x00000000f5580000,0x00000000f5580000,0x00000000f8800000)
  from space 13312K, 56% used [0x00000000f9500000,0x00000000f9c68190,0x00000000fa200000)
  to   space 13312K, 0% used [0x00000000f8800000,0x00000000f8800000,0x00000000f9500000)
 ParOldGen       total 73216K, used 50797K [0x00000000e0000000, 0x00000000e4780000, 0x00000000f5580000)
  object space 73216K, 69% used [0x00000000e0000000,0x00000000e319b7e8,0x00000000e4780000)
 Metaspace       used 23042K, capacity 23419K, committed 23680K, reserved 1071104K
  class space    used 2280K, capacity 2389K, committed 2432K, reserved 1048576K
}
Event: 47.627 GC heap before
{Heap before GC invocations=20 (full 3):
 PSYoungGen      total 65024K, used 59101K [0x00000000f5580000, 0x00000000fa400000, 0x0000000100000000)
  eden space 51712K, 99% used [0x00000000f5580000,0x00000000f87cf468,0x00000000f8800000)
  from space 13312K, 56% used [0x00000000f9500000,0x00000000f9c68190,0x00000000fa200000)
  to   space 13312K, 0% used [0x00000000f8800000,0x00000000f8800000,0x00000000f9500000)
 ParOldGen       total 73216K, used 50797K [0x00000000e0000000, 0x00000000e4780000, 0x00000000f5580000)
  object space 73216K, 69% used [0x00000000e0000000,0x00000000e319b7e8,0x00000000e4780000)
 Metaspace       used 23138K, capacity 23483K, committed 23680K, reserved 1071104K
  class space    used 2280K, capacity 2389K, committed 2432K, reserved 1048576K
Event: 47.659 GC heap after
Heap after GC invocations=20 (full 3):
 PSYoungGen      total 65024K, used 13280K [0x00000000f5580000, 0x00000000fbb80000, 0x0000000100000000)
  eden space 51712K, 0% used [0x00000000f5580000,0x00000000f5580000,0x00000000f8800000)
  from space 13312K, 99% used [0x00000000f8800000,0x00000000f94f8180,0x00000000f9500000)
  to   space 17920K, 0% used [0x00000000faa00000,0x00000000faa00000,0x00000000fbb80000)
 ParOldGen       total 73216K, used 57679K [0x00000000e0000000, 0x00000000e4780000, 0x00000000f5580000)
  object space 73216K, 78% used [0x00000000e0000000,0x00000000e3853d38,0x00000000e4780000)
 Metaspace       used 23138K, capacity 23483K, committed 23680K, reserved 1071104K
  class space    used 2280K, capacity 2389K, committed 2432K, reserved 1048576K
}
Event: 51.901 GC heap before
{Heap before GC invocations=21 (full 3):
 PSYoungGen      total 65024K, used 64992K [0x00000000f5580000, 0x00000000fbb80000, 0x0000000100000000)
  eden space 51712K, 100% used [0x00000000f5580000,0x00000000f8800000,0x00000000f8800000)
  from space 13312K, 99% used [0x00000000f8800000,0x00000000f94f8180,0x00000000f9500000)
  to   space 17920K, 0% used [0x00000000faa00000,0x00000000faa00000,0x00000000fbb80000)
 ParOldGen       total 73216K, used 57679K [0x00000000e0000000, 0x00000000e4780000, 0x00000000f5580000)
  object space 73216K, 78% used [0x00000000e0000000,0x00000000e3853d38,0x00000000e4780000)
 Metaspace       used 23166K, capacity 23483K, committed 23680K, reserved 1071104K
  class space    used 2280K, capacity 2389K, committed 2432K, reserved 1048576K
Event: 52.076 GC heap after
Heap after GC invocations=21 (full 3):
 PSYoungGen      total 86016K, used 12128K [0x00000000f5580000, 0x00000000fbc80000, 0x0000000100000000)
  eden space 68096K, 0% used [0x00000000f5580000,0x00000000f5580000,0x00000000f9800000)
  from space 17920K, 67% used [0x00000000faa00000,0x00000000fb5d8260,0x00000000fbb80000)
  to   space 18432K, 0% used [0x00000000f9800000,0x00000000f9800000,0x00000000faa00000)
 ParOldGen       total 73216K, used 69834K [0x00000000e0000000, 0x00000000e4780000, 0x00000000f5580000)
  object space 73216K, 95% used [0x00000000e0000000,0x00000000e4432ba8,0x00000000e4780000)
 Metaspace       used 23166K, capacity 23483K, committed 23680K, reserved 1071104K
  class space    used 2280K, capacity 2389K, committed 2432K, reserved 1048576K
}
Event: 52.076 GC heap before
{Heap before GC invocations=22 (full 4):
 PSYoungGen      total 86016K, used 12128K [0x00000000f5580000, 0x00000000fbc80000, 0x0000000100000000)
  eden space 68096K, 0% used [0x00000000f5580000,0x00000000f5580000,0x00000000f9800000)
  from space 17920K, 67% used [0x00000000faa00000,0x00000000fb5d8260,0x00000000fbb80000)
  to   space 18432K, 0% used [0x00000000f9800000,0x00000000f9800000,0x00000000faa00000)
 ParOldGen       total 73216K, used 69834K [0x00000000e0000000, 0x00000000e4780000, 0x00000000f5580000)
  object space 73216K, 95% used [0x00000000e0000000,0x00000000e4432ba8,0x00000000e4780000)
 Metaspace       used 23166K, capacity 23483K, committed 23680K, reserved 1071104K
  class space    used 2280K, capacity 2389K, committed 2432K, reserved 1048576K
Event: 52.195 GC heap after
Heap after GC invocations=22 (full 4):
 PSYoungGen      total 86016K, used 6711K [0x00000000f5580000, 0x00000000fbc80000, 0x0000000100000000)
  eden space 68096K, 0% used [0x00000000f5580000,0x00000000f5580000,0x00000000f9800000)
  from space 17920K, 37% used [0x00000000faa00000,0x00000000fb08dff8,0x00000000fbb80000)
  to   space 18432K, 0% used [0x00000000f9800000,0x00000000f9800000,0x00000000faa00000)
 ParOldGen       total 110080K, used 72672K [0x00000000e0000000, 0x00000000e6b80000, 0x00000000f5580000)
  object space 110080K, 66% used [0x00000000e0000000,0x00000000e46f8070,0x00000000e6b80000)
 Metaspace       used 23166K, capacity 23483K, committed 23680K, reserved 1071104K
  class space    used 2280K, capacity 2389K, committed 2432K, reserved 1048576K
}

