# JRE version: Java(TM) SE Runtime Environment (8.0_151-b12) (build 1.8.0_151-b12)
# Java VM: Java HotSpot(TM) 64-Bit Server VM (25.151-b12 mixed mode windows-amd64 compressed oops)
Heap:
 PSYoungGen      total 84480K, used 60520K [0x00000000f5580000, 0x00000000fd400000, 0x0000000100000000)
  eden space 47616K, 66% used [0x00000000f5580000,0x00000000f74923f0,0x00000000f8400000)
  from space 36864K, 77% used [0x00000000faa80000,0x00000000fc688000,0x00000000fce80000)
  to   space 39424K, 0% used [0x00000000f8400000,0x00000000f8400000,0x00000000faa80000)
 ParOldGen       total 46592K, used 38380K [0x00000000e0000000, 0x00000000e2d80000, 0x00000000f5580000)
  object space 46592K, 82% used [0x00000000e0000000,0x00000000e257b0c0,0x00000000e2d80000)
 Metaspace       used 23227K, capacity 23547K, committed 23680K, reserved 1071104K
  class space    used 2286K, capacity 2389K, committed 2432K, reserved 1048576K
GC Heap History (10 events):
Event: 48.402 GC heap before
{Heap before GC invocations=26 (full 2):
 PSYoungGen      total 57856K, used 57152K [0x00000000f5580000, 0x00000000fae00000, 0x0000000100000000)
  eden space 37888K, 100% used [0x00000000f5580000,0x00000000f7a80000,0x00000000f7a80000)
  from space 19968K, 96% used [0x00000000f7a80000,0x00000000f8d50000,0x00000000f8e00000)
  to   space 23040K, 0% used [0x00000000f9780000,0x00000000f9780000,0x00000000fae00000)
 ParOldGen       total 46592K, used 30944K [0x00000000e0000000, 0x00000000e2d80000, 0x00000000f5580000)
  object space 46592K, 66% used [0x00000000e0000000,0x00000000e1e383d0,0x00000000e2d80000)
 Metaspace       used 23218K, capacity 23547K, committed 23680K, reserved 1071104K
  class space    used 2286K, capacity 2389K, committed 2432K, reserved 1048576K
Event: 48.569 GC heap after
Heap after GC invocations=26 (full 2):
 PSYoungGen      total 64000K, used 22389K [0x00000000f5580000, 0x00000000fb680000, 0x0000000100000000)
  eden space 40960K, 0% used [0x00000000f5580000,0x00000000f5580000,0x00000000f7d80000)
  from space 23040K, 97% used [0x00000000f9780000,0x00000000fad5d5d8,0x00000000fae00000)
  to   space 26624K, 0% used [0x00000000f7d80000,0x00000000f7d80000,0x00000000f9780000)
 ParOldGen       total 46592K, used 30944K [0x00000000e0000000, 0x00000000e2d80000, 0x00000000f5580000)
  object space 46592K, 66% used [0x00000000e0000000,0x00000000e1e383d0,0x00000000e2d80000)
 Metaspace       used 23218K, capacity 23547K, committed 23680K, reserved 1071104K
  class space    used 2286K, capacity 2389K, committed 2432K, reserved 1048576K
}
Event: 52.648 GC heap before
{Heap before GC invocations=27 (full 2):
 PSYoungGen      total 64000K, used 63349K [0x00000000f5580000, 0x00000000fb680000, 0x0000000100000000)
  eden space 40960K, 100% used [0x00000000f5580000,0x00000000f7d80000,0x00000000f7d80000)
  from space 23040K, 97% used [0x00000000f9780000,0x00000000fad5d5d8,0x00000000fae00000)
  to   space 26624K, 0% used [0x00000000f7d80000,0x00000000f7d80000,0x00000000f9780000)
 ParOldGen       total 46592K, used 30944K [0x00000000e0000000, 0x00000000e2d80000, 0x00000000f5580000)
  object space 46592K, 66% used [0x00000000e0000000,0x00000000e1e383d0,0x00000000e2d80000)
 Metaspace       used 23227K, capacity 23547K, committed 23680K, reserved 1071104K
  class space    used 2286K, capacity 2389K, committed 2432K, reserved 1048576K
Event: 52.684 GC heap after
Heap after GC invocations=27 (full 2):
 PSYoungGen      total 67584K, used 23552K [0x00000000f5580000, 0x00000000fbd80000, 0x0000000100000000)
  eden space 40960K, 0% used [0x00000000f5580000,0x00000000f5580000,0x00000000f7d80000)
  from space 26624K, 88% used [0x00000000f7d80000,0x00000000f9480000,0x00000000f9780000)
  to   space 29696K, 0% used [0x00000000fa080000,0x00000000fa080000,0x00000000fbd80000)
 ParOldGen       total 46592K, used 33053K [0x00000000e0000000, 0x00000000e2d80000, 0x00000000f5580000)
  object space 46592K, 70% used [0x00000000e0000000,0x00000000e2047480,0x00000000e2d80000)
 Metaspace       used 23227K, capacity 23547K, committed 23680K, reserved 1071104K
  class space    used 2286K, capacity 2389K, committed 2432K, reserved 1048576K
}
Event: 57.047 GC heap before
{Heap before GC invocations=28 (full 2):
 PSYoungGen      total 67584K, used 64512K [0x00000000f5580000, 0x00000000fbd80000, 0x0000000100000000)
  eden space 40960K, 100% used [0x00000000f5580000,0x00000000f7d80000,0x00000000f7d80000)
  from space 26624K, 88% used [0x00000000f7d80000,0x00000000f9480000,0x00000000f9780000)
  to   space 29696K, 0% used [0x00000000fa080000,0x00000000fa080000,0x00000000fbd80000)
 ParOldGen       total 46592K, used 33053K [0x00000000e0000000, 0x00000000e2d80000, 0x00000000f5580000)
  object space 46592K, 70% used [0x00000000e0000000,0x00000000e2047480,0x00000000e2d80000)
 Metaspace       used 23227K, capacity 23547K, committed 23680K, reserved 1071104K
  class space    used 2286K, capacity 2389K, committed 2432K, reserved 1048576K
Event: 57.197 GC heap after
Heap after GC invocations=28 (full 2):
 PSYoungGen      total 73216K, used 26912K [0x00000000f5580000, 0x00000000fc500000, 0x0000000100000000)
  eden space 43520K, 0% used [0x00000000f5580000,0x00000000f5580000,0x00000000f8000000)
  from space 29696K, 90% used [0x00000000fa080000,0x00000000fbac8010,0x00000000fbd80000)
  to   space 33280K, 0% used [0x00000000f8000000,0x00000000f8000000,0x00000000fa080000)
 ParOldGen       total 46592K, used 33053K [0x00000000e0000000, 0x00000000e2d80000, 0x00000000f5580000)
  object space 46592K, 70% used [0x00000000e0000000,0x00000000e2047480,0x00000000e2d80000)
 Metaspace       used 23227K, capacity 23547K, committed 23680K, reserved 1071104K
  class space    used 2286K, capacity 2389K, committed 2432K, reserved 1048576K
}
Event: 61.630 GC heap before
{Heap before GC invocations=29 (full 2):
 PSYoungGen      total 73216K, used 70432K [0x00000000f5580000, 0x00000000fc500000, 0x0000000100000000)
  eden space 43520K, 100% used [0x00000000f5580000,0x00000000f8000000,0x00000000f8000000)
  from space 29696K, 90% used [0x00000000fa080000,0x00000000fbac8010,0x00000000fbd80000)
  to   space 33280K, 0% used [0x00000000f8000000,0x00000000f8000000,0x00000000fa080000)
 ParOldGen       total 46592K, used 33053K [0x00000000e0000000, 0x00000000e2d80000, 0x00000000f5580000)
  object space 46592K, 70% used [0x00000000e0000000,0x00000000e2047480,0x00000000e2d80000)
 Metaspace       used 23227K, capacity 23547K, committed 23680K, reserved 1071104K
  class space    used 2286K, capacity 2389K, committed 2432K, reserved 1048576K
Event: 61.673 GC heap after
Heap after GC invocations=29 (full 2):
 PSYoungGen      total 76800K, used 27872K [0x00000000f5580000, 0x00000000fce80000, 0x0000000100000000)
  eden space 43520K, 0% used [0x00000000f5580000,0x00000000f5580000,0x00000000f8000000)
  from space 33280K, 83% used [0x00000000f8000000,0x00000000f9b38000,0x00000000fa080000)
  to   space 36864K, 0% used [0x00000000faa80000,0x00000000faa80000,0x00000000fce80000)
 ParOldGen       total 46592K, used 35671K [0x00000000e0000000, 0x00000000e2d80000, 0x00000000f5580000)
  object space 46592K, 76% used [0x00000000e0000000,0x00000000e22d5e90,0x00000000e2d80000)
 Metaspace       used 23227K, capacity 23547K, committed 23680K, reserved 1071104K
  class space    used 2286K, capacity 2389K, committed 2432K, reserved 1048576K
}
Event: 66.253 GC heap before
{Heap before GC invocations=30 (full 2):
 PSYoungGen      total 76800K, used 71392K [0x00000000f5580000, 0x00000000fce80000, 0x0000000100000000)
  eden space 43520K, 100% used [0x00000000f5580000,0x00000000f8000000,0x00000000f8000000)
  from space 33280K, 83% used [0x00000000f8000000,0x00000000f9b38000,0x00000000fa080000)
  to   space 36864K, 0% used [0x00000000faa80000,0x00000000faa80000,0x00000000fce80000)
 ParOldGen       total 46592K, used 35671K [0x00000000e0000000, 0x00000000e2d80000, 0x00000000f5580000)
  object space 46592K, 76% used [0x00000000e0000000,0x00000000e22d5e90,0x00000000e2d80000)
 Metaspace       used 23227K, capacity 23547K, committed 23680K, reserved 1071104K
  class space    used 2286K, capacity 2389K, committed 2432K, reserved 1048576K
Event: 66.415 GC heap after
Heap after GC invocations=30 (full 2):
 PSYoungGen      total 84480K, used 28704K [0x00000000f5580000, 0x00000000fd400000, 0x0000000100000000)
  eden space 47616K, 0% used [0x00000000f5580000,0x00000000f5580000,0x00000000f8400000)
  from space 36864K, 77% used [0x00000000faa80000,0x00000000fc688000,0x00000000fce80000)
  to   space 39424K, 0% used [0x00000000f8400000,0x00000000f8400000,0x00000000faa80000)
 ParOldGen       total 46592K, used 38380K [0x00000000e0000000, 0x00000000e2d80000, 0x00000000f5580000)
  object space 46592K, 82% used [0x00000000e0000000,0x00000000e257b0c0,0x00000000e2d80000)
 Metaspace       used 23227K, capacity 23547K, committed 23680K, reserved 1071104K
  class space    used 2286K, capacity 2389K, committed 2432K, reserved 1048576K
}

