# JRE version: Java(TM) SE Runtime Environment (8.0_151-b12) (build 1.8.0_151-b12)
# Java VM: Java HotSpot(TM) 64-Bit Server VM (25.151-b12 mixed mode windows-amd64 compressed oops)
Heap:
 PSYoungGen      total 84992K, used 35453K [0x00000000f5580000, 0x00000000fc100000, 0x0000000100000000)
  eden space 70144K, 41% used [0x00000000f5580000,0x00000000f71c3688,0x00000000f9a00000)
  from space 14848K, 43% used [0x00000000f9a00000,0x00000000fa05c010,0x00000000fa880000)
  to   space 13824K, 0% used [0x00000000fb380000,0x00000000fb380000,0x00000000fc100000)
 ParOldGen       total 81920K, used 57622K [0x00000000e0000000, 0x00000000e5000000, 0x00000000f5580000)
  object space 81920K, 70% used [0x00000000e0000000,0x00000000e3845a58,0x00000000e5000000)
 Metaspace       used 23173K, capacity 23547K, committed 23680K, reserved 1071104K
  class space    used 2281K, capacity 2389K, committed 2432K, reserved 1048576K
GC Heap History (10 events):
Event: 50.399 GC heap before
{Heap before GC invocations=24 (full 2):
 PSYoungGen      total 60928K, used 55520K [0x00000000f5580000, 0x00000000fab80000, 0x0000000100000000)
  eden space 45056K, 100% used [0x00000000f5580000,0x00000000f8180000,0x00000000f8180000)
  from space 15872K, 65% used [0x00000000f8180000,0x00000000f8bb8000,0x00000000f9100000)
  to   space 16384K, 0% used [0x00000000f9b80000,0x00000000f9b80000,0x00000000fab80000)
 ParOldGen       total 48128K, used 36373K [0x00000000e0000000, 0x00000000e2f00000, 0x00000000f5580000)
  object space 48128K, 75% used [0x00000000e0000000,0x00000000e23856b8,0x00000000e2f00000)
 Metaspace       used 23160K, capacity 23541K, committed 23680K, reserved 1071104K
  class space    used 2280K, capacity 2388K, committed 2432K, reserved 1048576K
Event: 50.555 GC heap after
Heap after GC invocations=24 (full 2):
 PSYoungGen      total 71680K, used 7968K [0x00000000f5580000, 0x00000000faa80000, 0x0000000100000000)
  eden space 56320K, 0% used [0x00000000f5580000,0x00000000f5580000,0x00000000f8c80000)
  from space 15360K, 51% used [0x00000000f9b80000,0x00000000fa348000,0x00000000faa80000)
  to   space 15360K, 0% used [0x00000000f8c80000,0x00000000f8c80000,0x00000000f9b80000)
 ParOldGen       total 48128K, used 42651K [0x00000000e0000000, 0x00000000e2f00000, 0x00000000f5580000)
  object space 48128K, 88% used [0x00000000e0000000,0x00000000e29a6d28,0x00000000e2f00000)
 Metaspace       used 23160K, capacity 23541K, committed 23680K, reserved 1071104K
  class space    used 2280K, capacity 2388K, committed 2432K, reserved 1048576K
}
Event: 50.555 GC heap before
{Heap before GC invocations=25 (full 3):
 PSYoungGen      total 71680K, used 7968K [0x00000000f5580000, 0x00000000faa80000, 0x0000000100000000)
  eden space 56320K, 0% used [0x00000000f5580000,0x00000000f5580000,0x00000000f8c80000)
  from space 15360K, 51% used [0x00000000f9b80000,0x00000000fa348000,0x00000000faa80000)
  to   space 15360K, 0% used [0x00000000f8c80000,0x00000000f8c80000,0x00000000f9b80000)
 ParOldGen       total 48128K, used 42651K [0x00000000e0000000, 0x00000000e2f00000, 0x00000000f5580000)
  object space 48128K, 88% used [0x00000000e0000000,0x00000000e29a6d28,0x00000000e2f00000)
 Metaspace       used 23160K, capacity 23541K, committed 23680K, reserved 1071104K
  class space    used 2280K, capacity 2388K, committed 2432K, reserved 1048576K
Event: 50.705 GC heap after
Heap after GC invocations=25 (full 3):
 PSYoungGen      total 71680K, used 695K [0x00000000f5580000, 0x00000000faa80000, 0x0000000100000000)
  eden space 56320K, 0% used [0x00000000f5580000,0x00000000f5580000,0x00000000f8c80000)
  from space 15360K, 4% used [0x00000000f9b80000,0x00000000f9c2df00,0x00000000faa80000)
  to   space 15360K, 0% used [0x00000000f8c80000,0x00000000f8c80000,0x00000000f9b80000)
 ParOldGen       total 81920K, used 47897K [0x00000000e0000000, 0x00000000e5000000, 0x00000000f5580000)
  object space 81920K, 58% used [0x00000000e0000000,0x00000000e2ec66b8,0x00000000e5000000)
 Metaspace       used 23160K, capacity 23541K, committed 23680K, reserved 1071104K
  class space    used 2280K, capacity 2388K, committed 2432K, reserved 1048576K
}
Event: 57.064 GC heap before
{Heap before GC invocations=26 (full 3):
 PSYoungGen      total 71680K, used 57015K [0x00000000f5580000, 0x00000000faa80000, 0x0000000100000000)
  eden space 56320K, 100% used [0x00000000f5580000,0x00000000f8c80000,0x00000000f8c80000)
  from space 15360K, 4% used [0x00000000f9b80000,0x00000000f9c2df00,0x00000000faa80000)
  to   space 15360K, 0% used [0x00000000f8c80000,0x00000000f8c80000,0x00000000f9b80000)
 ParOldGen       total 81920K, used 47897K [0x00000000e0000000, 0x00000000e5000000, 0x00000000f5580000)
  object space 81920K, 58% used [0x00000000e0000000,0x00000000e2ec66b8,0x00000000e5000000)
 Metaspace       used 23161K, capacity 23541K, committed 23680K, reserved 1071104K
  class space    used 2280K, capacity 2388K, committed 2432K, reserved 1048576K
Event: 57.078 GC heap after
Heap after GC invocations=26 (full 3):
 PSYoungGen      total 71680K, used 5397K [0x00000000f5580000, 0x00000000fb800000, 0x0000000100000000)
  eden space 56320K, 0% used [0x00000000f5580000,0x00000000f5580000,0x00000000f8c80000)
  from space 15360K, 35% used [0x00000000f8c80000,0x00000000f91c55d8,0x00000000f9b80000)
  to   space 15360K, 0% used [0x00000000fa900000,0x00000000fa900000,0x00000000fb800000)
 ParOldGen       total 81920K, used 48307K [0x00000000e0000000, 0x00000000e5000000, 0x00000000f5580000)
  object space 81920K, 58% used [0x00000000e0000000,0x00000000e2f2cfd8,0x00000000e5000000)
 Metaspace       used 23161K, capacity 23541K, committed 23680K, reserved 1071104K
  class space    used 2280K, capacity 2388K, committed 2432K, reserved 1048576K
}
Event: 63.234 GC heap before
{Heap before GC invocations=27 (full 3):
 PSYoungGen      total 71680K, used 61717K [0x00000000f5580000, 0x00000000fb800000, 0x0000000100000000)
  eden space 56320K, 100% used [0x00000000f5580000,0x00000000f8c80000,0x00000000f8c80000)
  from space 15360K, 35% used [0x00000000f8c80000,0x00000000f91c55d8,0x00000000f9b80000)
  to   space 15360K, 0% used [0x00000000fa900000,0x00000000fa900000,0x00000000fb800000)
 ParOldGen       total 81920K, used 48307K [0x00000000e0000000, 0x00000000e5000000, 0x00000000f5580000)
  object space 81920K, 58% used [0x00000000e0000000,0x00000000e2f2cfd8,0x00000000e5000000)
 Metaspace       used 23161K, capacity 23541K, committed 23680K, reserved 1071104K
  class space    used 2280K, capacity 2388K, committed 2432K, reserved 1048576K
Event: 63.351 GC heap after
Heap after GC invocations=27 (full 3):
 PSYoungGen      total 84480K, used 5280K [0x00000000f5580000, 0x00000000fb700000, 0x0000000100000000)
  eden space 70144K, 0% used [0x00000000f5580000,0x00000000f5580000,0x00000000f9a00000)
  from space 14336K, 36% used [0x00000000fa900000,0x00000000fae28000,0x00000000fb700000)
  to   space 14848K, 0% used [0x00000000f9a00000,0x00000000f9a00000,0x00000000fa880000)
 ParOldGen       total 81920K, used 52960K [0x00000000e0000000, 0x00000000e5000000, 0x00000000f5580000)
  object space 81920K, 64% used [0x00000000e0000000,0x00000000e33b83a8,0x00000000e5000000)
 Metaspace       used 23161K, capacity 23541K, committed 23680K, reserved 1071104K
  class space    used 2280K, capacity 2388K, committed 2432K, reserved 1048576K
}
Event: 71.054 GC heap before
{Heap before GC invocations=28 (full 3):
 PSYoungGen      total 84480K, used 75424K [0x00000000f5580000, 0x00000000fb700000, 0x0000000100000000)
  eden space 70144K, 100% used [0x00000000f5580000,0x00000000f9a00000,0x00000000f9a00000)
  from space 14336K, 36% used [0x00000000fa900000,0x00000000fae28000,0x00000000fb700000)
  to   space 14848K, 0% used [0x00000000f9a00000,0x00000000f9a00000,0x00000000fa880000)
 ParOldGen       total 81920K, used 52960K [0x00000000e0000000, 0x00000000e5000000, 0x00000000f5580000)
  object space 81920K, 64% used [0x00000000e0000000,0x00000000e33b83a8,0x00000000e5000000)
 Metaspace       used 23166K, capacity 23547K, committed 23680K, reserved 1071104K
  class space    used 2280K, capacity 2389K, committed 2432K, reserved 1048576K
Event: 71.071 GC heap after
Heap after GC invocations=28 (full 3):
 PSYoungGen      total 84992K, used 6512K [0x00000000f5580000, 0x00000000fc100000, 0x0000000100000000)
  eden space 70144K, 0% used [0x00000000f5580000,0x00000000f5580000,0x00000000f9a00000)
  from space 14848K, 43% used [0x00000000f9a00000,0x00000000fa05c010,0x00000000fa880000)
  to   space 13824K, 0% used [0x00000000fb380000,0x00000000fb380000,0x00000000fc100000)
 ParOldGen       total 81920K, used 57622K [0x00000000e0000000, 0x00000000e5000000, 0x00000000f5580000)
  object space 81920K, 70% used [0x00000000e0000000,0x00000000e3845a58,0x00000000e5000000)
 Metaspace       used 23166K, capacity 23547K, committed 23680K, reserved 1071104K
  class space    used 2280K, capacity 2389K, committed 2432K, reserved 1048576K
}

